Spawning a session daemon
Session msquic created.
Traces will be output to /root/NanoSDK/extern/msquic/msquic_lttng0/data
ust event CLOG_* created in channel channel0
ust context vpid added to all channels
ust context vtid added to all channels
Tracing started for session msquic
[ dso] Loaded [PosixLoaded:/root/NanoSDK/extern/msquic/src/platform/platform_posix.c:203]
Main[ api] MsQuicOpenVersion [LibraryMsQuicOpenVersionEntry:/root/NanoSDK/extern/msquic/src/core/library.c:1749]
[ dso] Initialized (AvailMem = 1073741824 bytes) [PosixInitialized:/root/NanoSDK/extern/msquic/src/platform/platform_posix.c:250]
[ lib] Failed to open global settings, 0x5f [LibraryStorageOpenFailed:/root/NanoSDK/extern/msquic/src/core/library.c:383]
[ lib] Settings 0x7cdbb6040640 Updated [LibrarySettingsUpdated:/root/NanoSDK/extern/msquic/src/core/library.c:341]
[sett] SendBufferingEnabled   = 1 [SettingDumpSendBufferingEnabled:/root/NanoSDK/extern/msquic/src/core/settings.c:1394]
[sett] PacingEnabled          = 1 [SettingDumpPacingEnabled:/root/NanoSDK/extern/msquic/src/core/settings.c:1395]
[sett] MigrationEnabled       = 1 [SettingDumpMigrationEnabled:/root/NanoSDK/extern/msquic/src/core/settings.c:1396]
[sett] DatagramReceiveEnabled = 0 [SettingDumpDatagramReceiveEnabled:/root/NanoSDK/extern/msquic/src/core/settings.c:1397]
[sett] MaxOperationsPerDrain  = 16 [SettingDumpMaxOperationsPerDrain:/root/NanoSDK/extern/msquic/src/core/settings.c:1398]
[sett] RetryMemoryLimit       = 65 [SettingDumpRetryMemoryLimit:/root/NanoSDK/extern/msquic/src/core/settings.c:1399]
[sett] LoadBalancingMode      = 0 [SettingDumpLoadBalancingMode:/root/NanoSDK/extern/msquic/src/core/settings.c:1400]
[sett] FixedServerID          = 0 [SettingDumpFixedServerID:/root/NanoSDK/extern/msquic/src/core/settings.c:1401]
[sett] MaxStatelessOperations = 16 [SettingDumpMaxStatelessOperations:/root/NanoSDK/extern/msquic/src/core/settings.c:1402]
[sett] MaxWorkerQueueDelayUs  = 250000 [SettingDumpMaxWorkerQueueDelayUs:/root/NanoSDK/extern/msquic/src/core/settings.c:1403]
[sett] InitialWindowPackets   = 10 [SettingDumpInitialWindowPackets:/root/NanoSDK/extern/msquic/src/core/settings.c:1404]
[sett] SendIdleTimeoutMs      = 1000 [SettingDumpSendIdleTimeoutMs:/root/NanoSDK/extern/msquic/src/core/settings.c:1405]
[sett] InitialRttMs           = 333 [SettingDumpInitialRttMs:/root/NanoSDK/extern/msquic/src/core/settings.c:1406]
[sett] MaxAckDelayMs          = 25 [SettingDumpMaxAckDelayMs:/root/NanoSDK/extern/msquic/src/core/settings.c:1407]
[sett] DisconnectTimeoutMs    = 16000 [SettingDumpDisconnectTimeoutMs:/root/NanoSDK/extern/msquic/src/core/settings.c:1408]
[sett] KeepAliveIntervalMs    = 0 [SettingDumpKeepAliveIntervalMs:/root/NanoSDK/extern/msquic/src/core/settings.c:1409]
[sett] IdleTimeoutMs          = 30000 [SettingDumpIdleTimeoutMs:/root/NanoSDK/extern/msquic/src/core/settings.c:1410]
[sett] HandshakeIdleTimeoutMs = 10000 [SettingDumpHandshakeIdleTimeoutMs:/root/NanoSDK/extern/msquic/src/core/settings.c:1411]
[sett] PeerBidiStreamCount    = 0 [SettingDumpBidiStreamCount:/root/NanoSDK/extern/msquic/src/core/settings.c:1412]
[sett] PeerUnidiStreamCount   = 0 [SettingDumpUnidiStreamCount:/root/NanoSDK/extern/msquic/src/core/settings.c:1413]
[sett] TlsClientMaxSendBuffer = 8192 [SettingDumpTlsClientMaxSendBuffer:/root/NanoSDK/extern/msquic/src/core/settings.c:1414]
[sett] TlsServerMaxSendBuffer = 0 [SettingDumpTlsServerMaxSendBuffer:/root/NanoSDK/extern/msquic/src/core/settings.c:1415]
[sett] StreamRecvWindowDefault= 65536 [SettingDumpStreamRecvWindowDefault:/root/NanoSDK/extern/msquic/src/core/settings.c:1416]
[sett] StreamRecvWindowBidiLocalDefault  = 65536 [SettingDumpStreamRecvWindowBidiLocalDefault:/root/NanoSDK/extern/msquic/src/core/settings.c:1417]
[sett] StreamRecvWindowBidiRemoteDefault = 65536 [SettingDumpStreamRecvWindowBidiRemoteDefault:/root/NanoSDK/extern/msquic/src/core/settings.c:1418]
[sett] StreamRecvWindowUnidiDefault      = 65536 [SettingDumpStreamRecvWindowUnidiDefault:/root/NanoSDK/extern/msquic/src/core/settings.c:1419]
[sett] ConnFlowControlWindow  = 16777216 [SettingDumpConnFlowControlWindow:/root/NanoSDK/extern/msquic/src/core/settings.c:1420]
[sett] MaxBytesPerKey         = 274877906944 [SettingDumpMaxBytesPerKey:/root/NanoSDK/extern/msquic/src/core/settings.c:1421]
[sett] ServerResumptionLevel  = 0 [SettingDumpServerResumptionLevel:/root/NanoSDK/extern/msquic/src/core/settings.c:1422]
[sett] Version Negotiation Ext Enabled = 0 [SettingDumpVersionNegoExtEnabled:/root/NanoSDK/extern/msquic/src/core/settings.c:1423]
[sett] MinimumMtu             = 1288 [SettingDumpMinimumMtu:/root/NanoSDK/extern/msquic/src/core/settings.c:1438]
[sett] MaximumMtu             = 1500 [SettingDumpMaximumMtu:/root/NanoSDK/extern/msquic/src/core/settings.c:1439]
[sett] MtuCompleteTimeout     = 600000000 [SettingDumpMtuCompleteTimeout:/root/NanoSDK/extern/msquic/src/core/settings.c:1440]
[sett] MtuMissingProbeCount   = 3 [SettingDumpMtuMissingProbeCount:/root/NanoSDK/extern/msquic/src/core/settings.c:1441]
[sett] MaxBindingStatelessOper= 100 [SettingDumpMaxBindingStatelessOper:/root/NanoSDK/extern/msquic/src/core/settings.c:1442]
[sett] StatelessOperExpirMs   = 100 [SettingDumpStatelessOperExpirMs:/root/NanoSDK/extern/msquic/src/core/settings.c:1443]
[sett] CongestionControlAlgorithm = 0 [SettingCongestionControlAlgorithm:/root/NanoSDK/extern/msquic/src/core/settings.c:1444]
[sett] DestCidUpdateIdleTimeoutMs = 20000 [SettingDestCidUpdateIdleTimeoutMs:/root/NanoSDK/extern/msquic/src/core/settings.c:1445]
[sett] GreaseQuicBitEnabled   = 0 [SettingGreaseQuicBitEnabled:/root/NanoSDK/extern/msquic/src/core/settings.c:1446]
[sett] EcnEnabled             = 0 [SettingEcnEnabled:/root/NanoSDK/extern/msquic/src/core/settings.c:1447]
[sett] HyStartEnabled         = 0 [SettingHyStartEnabled:/root/NanoSDK/extern/msquic/src/core/settings.c:1448]
[sett] EncryptionOffloadAllowed = 0 [SettingEncryptionOffloadAllowed:/root/NanoSDK/extern/msquic/src/core/settings.c:1449]
[sett] ReliableResetEnabled   = 0 [SettingReliableResetEnabled:/root/NanoSDK/extern/msquic/src/core/settings.c:1450]
[sett] OneWayDelayEnabled     = 0 [SettingOneWayDelayEnabled:/root/NanoSDK/extern/msquic/src/core/settings.c:1451]
[sett] NetStatsEventEnabled   = 0 [SettingNetStatsEventEnabled:/root/NanoSDK/extern/msquic/src/core/settings.c:1452]
[sett] StreamMultiReceiveEnabled= 0 [SettingsStreamMultiReceiveEnabled:/root/NanoSDK/extern/msquic/src/core/settings.c:1453]
[ lib] CID Length = 9 [LibraryCidLengthSet:/root/NanoSDK/extern/msquic/src/core/library.c:804]
[ lib] Initialized [LibraryInitializedV3:/root/NanoSDK/extern/msquic/src/core/library.c:424]
[ lib] Version 2.5.0.0 [LibraryVersion:/root/NanoSDK/extern/msquic/src/core/library.c:427]
[ lib] AddRef [LibraryAddRef:/root/NanoSDK/extern/msquic/src/core/library.c:616]
[ api] MsQuicOpenVersion, status=0x0 [LibraryMsQuicOpenVersionExit:/root/NanoSDK/extern/msquic/src/core/library.c:1808]
[ api] Enter 2 ((nil)). [ApiEnter:/root/NanoSDK/extern/msquic/src/core/registration.c:44]
[ lib][0x58aba50890c0] Worker start [PlatformWorkerThreadStart:/root/NanoSDK/extern/msquic/src/platform/platform_worker.c:559]
[ lib][0x58aba5089020] Worker start [PlatformWorkerThreadStart:/root/NanoSDK/extern/msquic/src/platform/platform_worker.c:559]
[ lib][0x58aba5089200] Worker start [PlatformWorkerThreadStart:/root/NanoSDK/extern/msquic/src/platform/platform_worker.c:559]
[ lib][0x58aba5089160] Worker start [PlatformWorkerThreadStart:/root/NanoSDK/extern/msquic/src/platform/platform_worker.c:559]
[ lib][0x58aba50892a0] Worker start [PlatformWorkerThreadStart:/root/NanoSDK/extern/msquic/src/platform/platform_worker.c:559]
[ lib][0x58aba5089340] Worker start [PlatformWorkerThreadStart:/root/NanoSDK/extern/msquic/src/platform/platform_worker.c:559]
[ lib][0x58aba50893e0] Worker start [PlatformWorkerThreadStart:/root/NanoSDK/extern/msquic/src/platform/platform_worker.c:559]
[ lib][0x58aba5089480] Worker start [PlatformWorkerThreadStart:/root/NanoSDK/extern/msquic/src/platform/platform_worker.c:559]
[ lib][0x58aba5089520] Worker start [PlatformWorkerThreadStart:/root/NanoSDK/extern/msquic/src/platform/platform_worker.c:559]
[ lib][0x58aba50895c0] Worker start [PlatformWorkerThreadStart:/root/NanoSDK/extern/msquic/src/platform/platform_worker.c:559]
[ lib][0x58aba5089660] Worker start [PlatformWorkerThreadStart:/root/NanoSDK/extern/msquic/src/platform/platform_worker.c:559]
[ lib][0x58aba5089700] Worker start [PlatformWorkerThreadStart:/root/NanoSDK/extern/msquic/src/platform/platform_worker.c:559]
[data] Initialized, DatapathFeatures=174 [DataPathInitialized:/root/NanoSDK/extern/msquic/src/core/library.c:690]
[wrkr][0x58aba508dd80] Created, IdealProc=0 Owner=0x58aba508bd40 [WorkerCreated:/root/NanoSDK/extern/msquic/src/core/worker.c:66]
[wrkr][0x58aba508e4d0] Created, IdealProc=1 Owner=0x58aba508bd40 [WorkerCreated:/root/NanoSDK/extern/msquic/src/core/worker.c:66]
[wrkr][0x58aba508ec20] Created, IdealProc=2 Owner=0x58aba508bd40 [WorkerCreated:/root/NanoSDK/extern/msquic/src/core/worker.c:66]
[wrkr][0x58aba508f370] Created, IdealProc=3 Owner=0x58aba508bd40 [WorkerCreated:/root/NanoSDK/extern/msquic/src/core/worker.c:66]
[wrkr][0x58aba508fac0] Created, IdealProc=4 Owner=0x58aba508bd40 [WorkerCreated:/root/NanoSDK/extern/msquic/src/core/worker.c:66]
[wrkr][0x58aba5090210] Created, IdealProc=5 Owner=0x58aba508bd40 [WorkerCreated:/root/NanoSDK/extern/msquic/src/core/worker.c:66]
[ lib][0x58aba50890c0] Processing pools [PlatformWorkerProcessPools:/root/NanoSDK/extern/msquic/src/platform/platform_worker.c:389]
[wrkr][0x58aba508e4d0] IsActive = 1, Arg = 674474359 [WorkerActivityStateUpdated:/root/NanoSDK/extern/msquic/src/core/worker.c:711]
[ lib][0x58aba5089160] Processing pools [PlatformWorkerProcessPools:/root/NanoSDK/extern/msquic/src/platform/platform_worker.c:389]
[wrkr][0x58aba508e4d0] IsActive = 0, Arg = 4294967295 [WorkerActivityStateUpdated:/root/NanoSDK/extern/msquic/src/core/worker.c:780]
[wrkr][0x58aba508e4d0] QueueDelay = 0 [WorkerQueueDelayUpdated:/root/NanoSDK/extern/msquic/src/core/worker.c:414]
[wrkr][0x58aba508ec20] IsActive = 1, Arg = 674474374 [WorkerActivityStateUpdated:/root/NanoSDK/extern/msquic/src/core/worker.c:711]
[wrkr][0x58aba508ec20] IsActive = 0, Arg = 4294967295 [WorkerActivityStateUpdated:/root/NanoSDK/extern/msquic/src/core/worker.c:780]
[wrkr][0x58aba508ec20] QueueDelay = 0 [WorkerQueueDelayUpdated:/root/NanoSDK/extern/msquic/src/core/worker.c:414]
[wrkr][0x58aba5090960] Created, IdealProc=6 Owner=0x58aba508bd40 [WorkerCreated:/root/NanoSDK/extern/msquic/src/core/worker.c:66]
[wrkr][0x58aba50910b0] Created, IdealProc=7 Owner=0x58aba508bd40 [WorkerCreated:/root/NanoSDK/extern/msquic/src/core/worker.c:66]
[ lib][0x58aba5089020] Processing pools [PlatformWorkerProcessPools:/root/NanoSDK/extern/msquic/src/platform/platform_worker.c:389]
[wrkr][0x58aba508dd80] IsActive = 1, Arg = 674474395 [WorkerActivityStateUpdated:/root/NanoSDK/extern/msquic/src/core/worker.c:711]
[wrkr][0x58aba5091800] Created, IdealProc=8 Owner=0x58aba508bd40 [WorkerCreated:/root/NanoSDK/extern/msquic/src/core/worker.c:66]
[ lib][0x58aba5089480] Processing pools [PlatformWorkerProcessPools:/root/NanoSDK/extern/msquic/src/platform/platform_worker.c:389]
[wrkr][0x58aba50910b0] IsActive = 1, Arg = 674474401 [WorkerActivityStateUpdated:/root/NanoSDK/extern/msquic/src/core/worker.c:711]
[wrkr][0x58aba50910b0] IsActive = 0, Arg = 4294967295 [WorkerActivityStateUpdated:/root/NanoSDK/extern/msquic/src/core/worker.c:780]
[wrkr][0x58aba5091f50] Created, IdealProc=9 Owner=0x58aba508bd40 [WorkerCreated:/root/NanoSDK/extern/msquic/src/core/worker.c:66]
[wrkr][0x58aba50910b0] QueueDelay = 0 [WorkerQueueDelayUpdated:/root/NanoSDK/extern/msquic/src/core/worker.c:414]
[wrkr][0x58aba50926a0] Created, IdealProc=10 Owner=0x58aba508bd40 [WorkerCreated:/root/NanoSDK/extern/msquic/src/core/worker.c:66]
[ lib][0x58aba50893e0] Processing pools [PlatformWorkerProcessPools:/root/NanoSDK/extern/msquic/src/platform/platform_worker.c:389]
[wrkr][0x58aba5092df0] Created, IdealProc=11 Owner=0x58aba508bd40 [WorkerCreated:/root/NanoSDK/extern/msquic/src/core/worker.c:66]
[wrkr][0x58aba5090960] IsActive = 1, Arg = 674474413 [WorkerActivityStateUpdated:/root/NanoSDK/extern/msquic/src/core/worker.c:711]
[wrkr][0x58aba5090960] IsActive = 0, Arg = 4294967295 [WorkerActivityStateUpdated:/root/NanoSDK/extern/msquic/src/core/worker.c:780]
[wrkr][0x58aba5090960] QueueDelay = 0 [WorkerQueueDelayUpdated:/root/NanoSDK/extern/msquic/src/core/worker.c:414]
[ reg][0x58aba508bd40] Created, AppName=mqtt, ExecProfile=0 [RegistrationCreatedV2:/root/NanoSDK/extern/msquic/src/core/registration.c:99]
[ lib][0x58aba5089340] Processing pools [PlatformWorkerProcessPools:/root/NanoSDK/extern/msquic/src/platform/platform_worker.c:389]
[wrkr][0x58aba5090210] IsActive = 1, Arg = 674474441 [WorkerActivityStateUpdated:/root/NanoSDK/extern/msquic/src/core/worker.c:711]
[wrkr][0x58aba5090210] IsActive = 0, Arg = 4294967295 [WorkerActivityStateUpdated:/root/NanoSDK/extern/msquic/src/core/worker.c:780]
[wrkr][0x58aba5090210] QueueDelay = 0 [WorkerQueueDelayUpdated:/root/NanoSDK/extern/msquic/src/core/worker.c:414]
[ lib][0x58aba5089200] Processing pools [PlatformWorkerProcessPools:/root/NanoSDK/extern/msquic/src/platform/platform_worker.c:389]
[ lib][0x58aba50892a0] Processing pools [PlatformWorkerProcessPools:/root/NanoSDK/extern/msquic/src/platform/platform_worker.c:389]
[wrkr][0x58aba508f370] IsActive = 1, Arg = 674474454 [WorkerActivityStateUpdated:/root/NanoSDK/extern/msquic/src/core/worker.c:711]
[wrkr][0x58aba508f370] IsActive = 0, Arg = 4294967295 [WorkerActivityStateUpdated:/root/NanoSDK/extern/msquic/src/core/worker.c:780]
[wrkr][0x58aba508f370] QueueDelay = 0 [WorkerQueueDelayUpdated:/root/NanoSDK/extern/msquic/src/core/worker.c:414]
[wrkr][0x58aba508fac0] IsActive = 1, Arg = 674474458 [WorkerActivityStateUpdated:/root/NanoSDK/extern/msquic/src/core/worker.c:711]
[ lib][0x58aba5089700] Processing pools [PlatformWorkerProcessPools:/root/NanoSDK/extern/msquic/src/platform/platform_worker.c:389]
[wrkr][0x58aba508fac0] IsActive = 0, Arg = 4294967295 [WorkerActivityStateUpdated:/root/NanoSDK/extern/msquic/src/core/worker.c:780]
[ lib][0x58aba5089520] Processing pools [PlatformWorkerProcessPools:/root/NanoSDK/extern/msquic/src/platform/platform_worker.c:389]
[wrkr][0x58aba5092df0] IsActive = 1, Arg = 674474466 [WorkerActivityStateUpdated:/root/NanoSDK/extern/msquic/src/core/worker.c:711]
[wrkr][0x58aba5092df0] IsActive = 0, Arg = 4294967295 [WorkerActivityStateUpdated:/root/NanoSDK/extern/msquic/src/core/worker.c:780]
[wrkr][0x58aba5092df0] QueueDelay = 0 [WorkerQueueDelayUpdated:/root/NanoSDK/extern/msquic/src/core/worker.c:414]
[wrkr][0x58aba5091800] IsActive = 1, Arg = 674474472 [WorkerActivityStateUpdated:/root/NanoSDK/extern/msquic/src/core/worker.c:711]
[ lib][0x58aba5089660] Processing pools [PlatformWorkerProcessPools:/root/NanoSDK/extern/msquic/src/platform/platform_worker.c:389]
[wrkr][0x58aba5091800] IsActive = 0, Arg = 4294967295 [WorkerActivityStateUpdated:/root/NanoSDK/extern/msquic/src/core/worker.c:780]
[ api] Exit 0 [ApiExitStatus:/root/NanoSDK/extern/msquic/src/core/registration.c:138]
[wrkr][0x58aba50926a0] IsActive = 1, Arg = 674474482 [WorkerActivityStateUpdated:/root/NanoSDK/extern/msquic/src/core/worker.c:711]
[wrkr][0x58aba5091800] QueueDelay = 0 [WorkerQueueDelayUpdated:/root/NanoSDK/extern/msquic/src/core/worker.c:414]
[wrkr][0x58aba50926a0] IsActive = 0, Arg = 4294967295 [WorkerActivityStateUpdated:/root/NanoSDK/extern/msquic/src/core/worker.c:780]
[wrkr][0x58aba50926a0] QueueDelay = 0 [WorkerQueueDelayUpdated:/root/NanoSDK/extern/msquic/src/core/worker.c:414]
[wrkr][0x58aba508fac0] QueueDelay = 0 [WorkerQueueDelayUpdated:/root/NanoSDK/extern/msquic/src/core/worker.c:414]
[ lib][0x58aba50895c0] Processing pools [PlatformWorkerProcessPools:/root/NanoSDK/extern/msquic/src/platform/platform_worker.c:389]
[ api] Enter 5 (0x58aba508bd40). [ApiEnter:/root/NanoSDK/extern/msquic/src/core/configuration.c:42]
[wrkr][0x58aba508dd80] IsActive = 0, Arg = 4294967295 [WorkerActivityStateUpdated:/root/NanoSDK/extern/msquic/src/core/worker.c:780]
[wrkr][0x58aba5091f50] IsActive = 1, Arg = 674474499 [WorkerActivityStateUpdated:/root/NanoSDK/extern/msquic/src/core/worker.c:711]
[wrkr][0x58aba5091f50] IsActive = 0, Arg = 4294967295 [WorkerActivityStateUpdated:/root/NanoSDK/extern/msquic/src/core/worker.c:780]
[wrkr][0x58aba508dd80] QueueDelay = 0 [WorkerQueueDelayUpdated:/root/NanoSDK/extern/msquic/src/core/worker.c:414]
[wrkr][0x58aba5091f50] QueueDelay = 0 [WorkerQueueDelayUpdated:/root/NanoSDK/extern/msquic/src/core/worker.c:414]
[cnfg][0x58aba507b2b0] Failed to open app specific settings, 0x5f [ConfigurationOpenAppStorageFailed:/root/NanoSDK/extern/msquic/src/core/configuration.c:161]
[cnfg][0x58aba507b2b0] Created, Registration=0x58aba508bd40 [ConfigurationCreated:/root/NanoSDK/extern/msquic/src/core/configuration.c:189]
[cnfg][0x58aba507b2b0] Settings 0x58aba507b2f0 Updated [ConfigurationSettingsUpdated:/root/NanoSDK/extern/msquic/src/core/configuration.c:413]
[sett] SendBufferingEnabled   = 1 [SettingDumpSendBufferingEnabled:/root/NanoSDK/extern/msquic/src/core/settings.c:1394]
[sett] PacingEnabled          = 1 [SettingDumpPacingEnabled:/root/NanoSDK/extern/msquic/src/core/settings.c:1395]
[sett] MigrationEnabled       = 1 [SettingDumpMigrationEnabled:/root/NanoSDK/extern/msquic/src/core/settings.c:1396]
[sett] DatagramReceiveEnabled = 0 [SettingDumpDatagramReceiveEnabled:/root/NanoSDK/extern/msquic/src/core/settings.c:1397]
[sett] MaxOperationsPerDrain  = 16 [SettingDumpMaxOperationsPerDrain:/root/NanoSDK/extern/msquic/src/core/settings.c:1398]
[sett] RetryMemoryLimit       = 65 [SettingDumpRetryMemoryLimit:/root/NanoSDK/extern/msquic/src/core/settings.c:1399]
[sett] LoadBalancingMode      = 0 [SettingDumpLoadBalancingMode:/root/NanoSDK/extern/msquic/src/core/settings.c:1400]
[sett] FixedServerID          = 0 [SettingDumpFixedServerID:/root/NanoSDK/extern/msquic/src/core/settings.c:1401]
[sett] MaxStatelessOperations = 16 [SettingDumpMaxStatelessOperations:/root/NanoSDK/extern/msquic/src/core/settings.c:1402]
[sett] MaxWorkerQueueDelayUs  = 250000 [SettingDumpMaxWorkerQueueDelayUs:/root/NanoSDK/extern/msquic/src/core/settings.c:1403]
[sett] InitialWindowPackets   = 10 [SettingDumpInitialWindowPackets:/root/NanoSDK/extern/msquic/src/core/settings.c:1404]
[sett] SendIdleTimeoutMs      = 1000 [SettingDumpSendIdleTimeoutMs:/root/NanoSDK/extern/msquic/src/core/settings.c:1405]
[sett] InitialRttMs           = 333 [SettingDumpInitialRttMs:/root/NanoSDK/extern/msquic/src/core/settings.c:1406]
[sett] MaxAckDelayMs          = 25 [SettingDumpMaxAckDelayMs:/root/NanoSDK/extern/msquic/src/core/settings.c:1407]
[sett] DisconnectTimeoutMs    = 30000 [SettingDumpDisconnectTimeoutMs:/root/NanoSDK/extern/msquic/src/core/settings.c:1408]
[sett] KeepAliveIntervalMs    = 10000 [SettingDumpKeepAliveIntervalMs:/root/NanoSDK/extern/msquic/src/core/settings.c:1409]
[sett] IdleTimeoutMs          = 30000 [SettingDumpIdleTimeoutMs:/root/NanoSDK/extern/msquic/src/core/settings.c:1410]
[sett] HandshakeIdleTimeoutMs = 60000 [SettingDumpHandshakeIdleTimeoutMs:/root/NanoSDK/extern/msquic/src/core/settings.c:1411]
[sett] PeerBidiStreamCount    = 0 [SettingDumpBidiStreamCount:/root/NanoSDK/extern/msquic/src/core/settings.c:1412]
[sett] PeerUnidiStreamCount   = 0 [SettingDumpUnidiStreamCount:/root/NanoSDK/extern/msquic/src/core/settings.c:1413]
[sett] TlsClientMaxSendBuffer = 8192 [SettingDumpTlsClientMaxSendBuffer:/root/NanoSDK/extern/msquic/src/core/settings.c:1414]
[sett] TlsServerMaxSendBuffer = 0 [SettingDumpTlsServerMaxSendBuffer:/root/NanoSDK/extern/msquic/src/core/settings.c:1415]
[sett] StreamRecvWindowDefault= 65536 [SettingDumpStreamRecvWindowDefault:/root/NanoSDK/extern/msquic/src/core/settings.c:1416]
[sett] StreamRecvWindowBidiLocalDefault  = 65536 [SettingDumpStreamRecvWindowBidiLocalDefault:/root/NanoSDK/extern/msquic/src/core/settings.c:1417]
[sett] StreamRecvWindowBidiRemoteDefault = 65536 [SettingDumpStreamRecvWindowBidiRemoteDefault:/root/NanoSDK/extern/msquic/src/core/settings.c:1418]
[sett] StreamRecvWindowUnidiDefault      = 65536 [SettingDumpStreamRecvWindowUnidiDefault:/root/NanoSDK/extern/msquic/src/core/settings.c:1419]
[sett] ConnFlowControlWindow  = 16777216 [SettingDumpConnFlowControlWindow:/root/NanoSDK/extern/msquic/src/core/settings.c:1420]
[sett] MaxBytesPerKey         = 274877906944 [SettingDumpMaxBytesPerKey:/root/NanoSDK/extern/msquic/src/core/settings.c:1421]
[sett] ServerResumptionLevel  = 0 [SettingDumpServerResumptionLevel:/root/NanoSDK/extern/msquic/src/core/settings.c:1422]
[sett] Version Negotiation Ext Enabled = 0 [SettingDumpVersionNegoExtEnabled:/root/NanoSDK/extern/msquic/src/core/settings.c:1423]
[sett] MinimumMtu             = 1288 [SettingDumpMinimumMtu:/root/NanoSDK/extern/msquic/src/core/settings.c:1438]
[sett] MaximumMtu             = 1500 [SettingDumpMaximumMtu:/root/NanoSDK/extern/msquic/src/core/settings.c:1439]
[sett] MtuCompleteTimeout     = 600000000 [SettingDumpMtuCompleteTimeout:/root/NanoSDK/extern/msquic/src/core/settings.c:1440]
[sett] MtuMissingProbeCount   = 3 [SettingDumpMtuMissingProbeCount:/root/NanoSDK/extern/msquic/src/core/settings.c:1441]
[sett] MaxBindingStatelessOper= 100 [SettingDumpMaxBindingStatelessOper:/root/NanoSDK/extern/msquic/src/core/settings.c:1442]
[sett] StatelessOperExpirMs   = 100 [SettingDumpStatelessOperExpirMs:/root/NanoSDK/extern/msquic/src/core/settings.c:1443]
[sett] CongestionControlAlgorithm = 1 [SettingCongestionControlAlgorithm:/root/NanoSDK/extern/msquic/src/core/settings.c:1444]
[sett] DestCidUpdateIdleTimeoutMs = 20000 [SettingDestCidUpdateIdleTimeoutMs:/root/NanoSDK/extern/msquic/src/core/settings.c:1445]
[sett] GreaseQuicBitEnabled   = 0 [SettingGreaseQuicBitEnabled:/root/NanoSDK/extern/msquic/src/core/settings.c:1446]
[sett] EcnEnabled             = 0 [SettingEcnEnabled:/root/NanoSDK/extern/msquic/src/core/settings.c:1447]
[sett] HyStartEnabled         = 0 [SettingHyStartEnabled:/root/NanoSDK/extern/msquic/src/core/settings.c:1448]
[sett] EncryptionOffloadAllowed = 0 [SettingEncryptionOffloadAllowed:/root/NanoSDK/extern/msquic/src/core/settings.c:1449]
[sett] ReliableResetEnabled   = 0 [SettingReliableResetEnabled:/root/NanoSDK/extern/msquic/src/core/settings.c:1450]
[sett] OneWayDelayEnabled     = 0 [SettingOneWayDelayEnabled:/root/NanoSDK/extern/msquic/src/core/settings.c:1451]
[sett] NetStatsEventEnabled   = 0 [SettingNetStatsEventEnabled:/root/NanoSDK/extern/msquic/src/core/settings.c:1452]
[sett] StreamMultiReceiveEnabled= 0 [SettingsStreamMultiReceiveEnabled:/root/NanoSDK/extern/msquic/src/core/settings.c:1453]
[ api] Exit 0 [ApiExitStatus:/root/NanoSDK/extern/msquic/src/core/configuration.c:217]
[ api] Enter 7 (0x58aba507b2b0). [ApiEnter:/root/NanoSDK/extern/msquic/src/core/configuration.c:334]
[ api] Exit 0 [ApiExitStatus:/root/NanoSDK/extern/msquic/src/core/configuration.c:370]
[ api] Enter 12 (0x58aba508bd40). [ApiEnter:/root/NanoSDK/extern/msquic/src/core/api.c:48]
[conn][0x58aba509bf50] Created, IsServer=0, CorrelationId=0 [ConnCreated:/root/NanoSDK/extern/msquic/src/core/connection.c:101]
[conn][0x58aba509bf50] OUT: BytesSent=0 InFlight=0 CWnd=654880 ConnFC=0 ISB=131072 PostedBytes=0 SRtt=0 1Way=0 [ConnOutFlowStatsV2:/root/NanoSDK/extern/msquic/src/core/cubic.c:815]
[conn][0x58aba509bf50] OUT: StreamFC=0 StreamSendWindow=0 [ConnOutFlowStreamStats:/root/NanoSDK/extern/msquic/src/core/connection.h:839]
[conn][0x58aba509bf50] CUBIC: SlowStartThreshold=4294967295 K=0 WindowMax=0 WindowLastMax=0 [ConnCubic:/root/NanoSDK/extern/msquic/src/core/cubic.c:72]
Path[0] Initialized [PathInitialized:/root/NanoSDK/extern/msquic/src/core/path.c:43]
[conn][0x58aba509bf50] (SeqNum=0) New Destination CID: 2802bd3b843b3a6d [ConnDestCidAdded:/root/NanoSDK/extern/msquic/src/core/connection.c:254]
[conn][0x58aba509bf50] Initialize complete [ConnInitializeComplete:/root/NanoSDK/extern/msquic/src/core/connection.c:262]
[conn][0x58aba509bf50] Assigned worker: 0x58aba508ec20 [ConnAssignWorker:/root/NanoSDK/extern/msquic/src/core/worker.c:221]
[conn][0x58aba509bf50] Registered with 0x58aba508bd40 [ConnRegistered:/root/NanoSDK/extern/msquic/src/core/connection.c:530]
[ api] Exit 0 [ApiExitStatus:/root/NanoSDK/extern/msquic/src/core/api.c:82]
[ api] Enter 0 (0x58aba509bf50). [ApiEnter:/root/NanoSDK/extern/msquic/src/core/api.c:1380]
[conn][0x58aba509bf50] Scheduling: 1 [ConnScheduleState:/root/NanoSDK/extern/msquic/src/core/worker.c:254]
[ api] Waiting on operation [ApiWaitOperation:/root/NanoSDK/extern/msquic/src/core/api.c:1462]
[wrkr][0x58aba508ec20] IsActive = 1, Arg = 674474896 [WorkerActivityStateUpdated:/root/NanoSDK/extern/msquic/src/core/worker.c:711]
[conn][0x58aba509bf50] Scheduling: 2 [ConnScheduleState:/root/NanoSDK/extern/msquic/src/core/worker.c:519]
[wrkr][0x58aba508ec20] QueueDelay = 3 [WorkerQueueDelayUpdated:/root/NanoSDK/extern/msquic/src/core/worker.c:400]
[conn][0x58aba509bf50] Execute: 11 [ConnExecApiOper:/root/NanoSDK/extern/msquic/src/core/operation.h:261]
[conn][0x58aba509bf50] New Local IP: 0.0.0.0 [ConnLocalAddrAdded:/root/NanoSDK/extern/msquic/src/core/connection.c:6202]
[conn][0x58aba509bf50] Scheduling: 0 [ConnScheduleState:/root/NanoSDK/extern/msquic/src/core/worker.c:607]
[wrkr][0x58aba508ec20] IsActive = 0, Arg = 4294967295 [WorkerActivityStateUpdated:/root/NanoSDK/extern/msquic/src/core/worker.c:780]
[wrkr][0x58aba508ec20] QueueDelay = 0 [WorkerQueueDelayUpdated:/root/NanoSDK/extern/msquic/src/core/worker.c:414]
[ api] Exit 0 [ApiExitStatus:/root/NanoSDK/extern/msquic/src/core/api.c:1470]
[ api] Enter 0 (0x58aba509bf50). [ApiEnter:/root/NanoSDK/extern/msquic/src/core/api.c:1380]
[conn][0x58aba509bf50] Scheduling: 1 [ConnScheduleState:/root/NanoSDK/extern/msquic/src/core/worker.c:254]
[ api] Waiting on operation [ApiWaitOperation:/root/NanoSDK/extern/msquic/src/core/api.c:1462]
[wrkr][0x58aba508ec20] IsActive = 1, Arg = 674475055 [WorkerActivityStateUpdated:/root/NanoSDK/extern/msquic/src/core/worker.c:711]
[conn][0x58aba509bf50] Scheduling: 2 [ConnScheduleState:/root/NanoSDK/extern/msquic/src/core/worker.c:519]
[wrkr][0x58aba508ec20] QueueDelay = 1 [WorkerQueueDelayUpdated:/root/NanoSDK/extern/msquic/src/core/worker.c:400]
[conn][0x58aba509bf50] Execute: 11 [ConnExecApiOper:/root/NanoSDK/extern/msquic/src/core/operation.h:261]
[conn][0x58aba509bf50] Scheduling: 0 [ConnScheduleState:/root/NanoSDK/extern/msquic/src/core/worker.c:607]
[wrkr][0x58aba508ec20] IsActive = 0, Arg = 4294967295 [WorkerActivityStateUpdated:/root/NanoSDK/extern/msquic/src/core/worker.c:780]
[wrkr][0x58aba508ec20] QueueDelay = 0 [WorkerQueueDelayUpdated:/root/NanoSDK/extern/msquic/src/core/worker.c:414]
[ api] Exit 0 [ApiExitStatus:/root/NanoSDK/extern/msquic/src/core/api.c:1470]
[ api] Enter 15 (0x58aba509bf50). [ApiEnter:/root/NanoSDK/extern/msquic/src/core/api.c:279]
[conn][0x58aba509bf50] Scheduling: 1 [ConnScheduleState:/root/NanoSDK/extern/msquic/src/core/worker.c:254]
[ api] Exit 4294967294 [ApiExitStatus:/root/NanoSDK/extern/msquic/src/core/api.c:398]
[wrkr][0x58aba508ec20] IsActive = 1, Arg = 674475194 [WorkerActivityStateUpdated:/root/NanoSDK/extern/msquic/src/core/worker.c:711]
[conn][0x58aba509bf50] Scheduling: 2 [ConnScheduleState:/root/NanoSDK/extern/msquic/src/core/worker.c:519]
[wrkr][0x58aba508ec20] QueueDelay = 1 [WorkerQueueDelayUpdated:/root/NanoSDK/extern/msquic/src/core/worker.c:400]
[conn][0x58aba509bf50] Execute: 2 [ConnExecApiOper:/root/NanoSDK/extern/msquic/src/core/operation.h:261]
[conn][0x58aba509bf50] New Remote IP: 172.18.0.2:14567 [ConnRemoteAddrAdded:/root/NanoSDK/extern/msquic/src/core/connection.c:1828]
[data][0x7cdb88001ca0] Created, local=0.0.0.0, remote=172.18.0.2:14567 [DatapathCreated:/root/NanoSDK/extern/msquic/src/platform/datapath_epoll.c:1280]
[bind][0x7cdb88001200] Created, Udp=0x7cdb88001ca0 LocalAddr=172.18.0.3:59312 RemoteAddr=172.18.0.2:14567 [BindingCreated:/root/NanoSDK/extern/msquic/src/core/binding.c:159]
[ lib] Now in use. [LibraryInUse:/root/NanoSDK/extern/msquic/src/core/library.c:2063]
[conn][0x58aba509bf50] (SeqNum=0) New Source CID: (null) [ConnSourceCidAdded:/root/NanoSDK/extern/msquic/src/core/connection.c:1880]
[conn][0x58aba509bf50] New Local IP: 172.18.0.3:59312 [ConnLocalAddrAdded:/root/NanoSDK/extern/msquic/src/core/connection.c:1897]
Configuration set, 0x58aba507b2b0 [SetConfiguration:/root/NanoSDK/extern/msquic/src/core/connection.c:2426]
Applying new settings [ApplySettings:/root/NanoSDK/extern/msquic/src/core/connection.c:7250]
[conn][0x58aba509bf50] OUT: BytesSent=0 InFlight=0 CWnd=12200 ConnFC=0 ISB=131072 PostedBytes=0 SRtt=0 1Way=0 [ConnOutFlowStatsV2:/root/NanoSDK/extern/msquic/src/core/bbr.c:352]
[conn][0x58aba509bf50] OUT: StreamFC=0 StreamSendWindow=0 [ConnOutFlowStreamStats:/root/NanoSDK/extern/msquic/src/core/connection.h:839]
[conn][0x58aba509bf50] BBR: State=0 RState=0 CongestionWindow=12200 BytesInFlight=0 BytesInFlightMax=6100 MinRttEst=18446744073709551615 EstBw=0 AppLimited=0 [ConnBbr:/root/NanoSDK/extern/msquic/src/core/bbr.c:288]
[sett] SendBufferingEnabled   = 1 [SettingDumpSendBufferingEnabled:/root/NanoSDK/extern/msquic/src/core/settings.c:1394]
[sett] PacingEnabled          = 1 [SettingDumpPacingEnabled:/root/NanoSDK/extern/msquic/src/core/settings.c:1395]
[sett] MigrationEnabled       = 1 [SettingDumpMigrationEnabled:/root/NanoSDK/extern/msquic/src/core/settings.c:1396]
[sett] DatagramReceiveEnabled = 0 [SettingDumpDatagramReceiveEnabled:/root/NanoSDK/extern/msquic/src/core/settings.c:1397]
[sett] MaxOperationsPerDrain  = 16 [SettingDumpMaxOperationsPerDrain:/root/NanoSDK/extern/msquic/src/core/settings.c:1398]
[sett] RetryMemoryLimit       = 65 [SettingDumpRetryMemoryLimit:/root/NanoSDK/extern/msquic/src/core/settings.c:1399]
[sett] LoadBalancingMode      = 0 [SettingDumpLoadBalancingMode:/root/NanoSDK/extern/msquic/src/core/settings.c:1400]
[sett] FixedServerID          = 0 [SettingDumpFixedServerID:/root/NanoSDK/extern/msquic/src/core/settings.c:1401]
[sett] MaxStatelessOperations = 16 [SettingDumpMaxStatelessOperations:/root/NanoSDK/extern/msquic/src/core/settings.c:1402]
[sett] MaxWorkerQueueDelayUs  = 250000 [SettingDumpMaxWorkerQueueDelayUs:/root/NanoSDK/extern/msquic/src/core/settings.c:1403]
[sett] InitialWindowPackets   = 10 [SettingDumpInitialWindowPackets:/root/NanoSDK/extern/msquic/src/core/settings.c:1404]
[sett] SendIdleTimeoutMs      = 1000 [SettingDumpSendIdleTimeoutMs:/root/NanoSDK/extern/msquic/src/core/settings.c:1405]
[sett] InitialRttMs           = 333 [SettingDumpInitialRttMs:/root/NanoSDK/extern/msquic/src/core/settings.c:1406]
[sett] MaxAckDelayMs          = 25 [SettingDumpMaxAckDelayMs:/root/NanoSDK/extern/msquic/src/core/settings.c:1407]
[sett] DisconnectTimeoutMs    = 30000 [SettingDumpDisconnectTimeoutMs:/root/NanoSDK/extern/msquic/src/core/settings.c:1408]
[sett] KeepAliveIntervalMs    = 10000 [SettingDumpKeepAliveIntervalMs:/root/NanoSDK/extern/msquic/src/core/settings.c:1409]
[sett] IdleTimeoutMs          = 30000 [SettingDumpIdleTimeoutMs:/root/NanoSDK/extern/msquic/src/core/settings.c:1410]
[sett] HandshakeIdleTimeoutMs = 60000 [SettingDumpHandshakeIdleTimeoutMs:/root/NanoSDK/extern/msquic/src/core/settings.c:1411]
[sett] PeerBidiStreamCount    = 0 [SettingDumpBidiStreamCount:/root/NanoSDK/extern/msquic/src/core/settings.c:1412]
[sett] PeerUnidiStreamCount   = 0 [SettingDumpUnidiStreamCount:/root/NanoSDK/extern/msquic/src/core/settings.c:1413]
[sett] TlsClientMaxSendBuffer = 8192 [SettingDumpTlsClientMaxSendBuffer:/root/NanoSDK/extern/msquic/src/core/settings.c:1414]
[sett] TlsServerMaxSendBuffer = 0 [SettingDumpTlsServerMaxSendBuffer:/root/NanoSDK/extern/msquic/src/core/settings.c:1415]
[sett] StreamRecvWindowDefault= 65536 [SettingDumpStreamRecvWindowDefault:/root/NanoSDK/extern/msquic/src/core/settings.c:1416]
[sett] StreamRecvWindowBidiLocalDefault  = 65536 [SettingDumpStreamRecvWindowBidiLocalDefault:/root/NanoSDK/extern/msquic/src/core/settings.c:1417]
[sett] StreamRecvWindowBidiRemoteDefault = 65536 [SettingDumpStreamRecvWindowBidiRemoteDefault:/root/NanoSDK/extern/msquic/src/core/settings.c:1418]
[sett] StreamRecvWindowUnidiDefault      = 65536 [SettingDumpStreamRecvWindowUnidiDefault:/root/NanoSDK/extern/msquic/src/core/settings.c:1419]
[sett] ConnFlowControlWindow  = 16777216 [SettingDumpConnFlowControlWindow:/root/NanoSDK/extern/msquic/src/core/settings.c:1420]
[sett] MaxBytesPerKey         = 274877906944 [SettingDumpMaxBytesPerKey:/root/NanoSDK/extern/msquic/src/core/settings.c:1421]
[sett] ServerResumptionLevel  = 0 [SettingDumpServerResumptionLevel:/root/NanoSDK/extern/msquic/src/core/settings.c:1422]
[sett] Version Negotiation Ext Enabled = 0 [SettingDumpVersionNegoExtEnabled:/root/NanoSDK/extern/msquic/src/core/settings.c:1423]
[sett] MinimumMtu             = 1248 [SettingDumpMinimumMtu:/root/NanoSDK/extern/msquic/src/core/settings.c:1438]
[sett] MaximumMtu             = 1500 [SettingDumpMaximumMtu:/root/NanoSDK/extern/msquic/src/core/settings.c:1439]
[sett] MtuCompleteTimeout     = 600000000 [SettingDumpMtuCompleteTimeout:/root/NanoSDK/extern/msquic/src/core/settings.c:1440]
[sett] MtuMissingProbeCount   = 3 [SettingDumpMtuMissingProbeCount:/root/NanoSDK/extern/msquic/src/core/settings.c:1441]
[sett] MaxBindingStatelessOper= 100 [SettingDumpMaxBindingStatelessOper:/root/NanoSDK/extern/msquic/src/core/settings.c:1442]
[sett] StatelessOperExpirMs   = 100 [SettingDumpStatelessOperExpirMs:/root/NanoSDK/extern/msquic/src/core/settings.c:1443]
[sett] CongestionControlAlgorithm = 1 [SettingCongestionControlAlgorithm:/root/NanoSDK/extern/msquic/src/core/settings.c:1444]
[sett] DestCidUpdateIdleTimeoutMs = 20000 [SettingDestCidUpdateIdleTimeoutMs:/root/NanoSDK/extern/msquic/src/core/settings.c:1445]
[sett] GreaseQuicBitEnabled   = 0 [SettingGreaseQuicBitEnabled:/root/NanoSDK/extern/msquic/src/core/settings.c:1446]
[sett] EcnEnabled             = 0 [SettingEcnEnabled:/root/NanoSDK/extern/msquic/src/core/settings.c:1447]
[sett] HyStartEnabled         = 0 [SettingHyStartEnabled:/root/NanoSDK/extern/msquic/src/core/settings.c:1448]
[sett] EncryptionOffloadAllowed = 0 [SettingEncryptionOffloadAllowed:/root/NanoSDK/extern/msquic/src/core/settings.c:1449]
[sett] ReliableResetEnabled   = 0 [SettingReliableResetEnabled:/root/NanoSDK/extern/msquic/src/core/settings.c:1450]
[sett] OneWayDelayEnabled     = 0 [SettingOneWayDelayEnabled:/root/NanoSDK/extern/msquic/src/core/settings.c:1451]
[sett] NetStatsEventEnabled   = 0 [SettingNetStatsEventEnabled:/root/NanoSDK/extern/msquic/src/core/settings.c:1452]
[sett] StreamMultiReceiveEnabled= 0 [SettingsStreamMultiReceiveEnabled:/root/NanoSDK/extern/msquic/src/core/settings.c:1453]
[conn][0x58aba509bf50] QUIC Version: 16777216 [ConnVersionSet:/root/NanoSDK/extern/msquic/src/core/connection.c:1716]
[conn][0x58aba509bf50] Handshake start [ConnHandshakeStart:/root/NanoSDK/extern/msquic/src/core/connection.c:2521]
Encoding Transport Parameters (Server = 0) [EncodeTPStart:/root/NanoSDK/extern/msquic/src/core/crypto_tls.c:736]
TP: Idle Timeout (30000 ms) [EncodeTPIdleTimeout:/root/NanoSDK/extern/msquic/src/core/crypto_tls.c:963]
TP: Max Udp Payload Size (1472 bytes) [EncodeTPMaxUdpPayloadSize:/root/NanoSDK/extern/msquic/src/core/crypto_tls.c:990]
TP: Max Data (16777216 bytes) [EncodeTPInitMaxData:/root/NanoSDK/extern/msquic/src/core/crypto_tls.c:1001]
TP: Max Local Bidirectional Stream Data (65536 bytes) [EncodeTPInitMaxStreamDataBidiLocal:/root/NanoSDK/extern/msquic/src/core/crypto_tls.c:1012]
TP: Max Remote Bidirectional Stream Data (65536 bytes) [EncodeTPInitMaxStreamDataBidiRemote:/root/NanoSDK/extern/msquic/src/core/crypto_tls.c:1023]
TP: Max Unidirectional Stream Data (65536) [EncodeTPInitMaxStreamUni:/root/NanoSDK/extern/msquic/src/core/crypto_tls.c:1034]
TP: ACK Delay Exponent (8) [EncodeTPAckDelayExponent:/root/NanoSDK/extern/msquic/src/core/crypto_tls.c:1067]
TP: Max ACK Delay (26 ms) [EncodeTPMaxAckDelay:/root/NanoSDK/extern/msquic/src/core/crypto_tls.c:1078]
TP: Connection ID Limit (4) [EncodeTPCIDLimit:/root/NanoSDK/extern/msquic/src/core/crypto_tls.c:1110]
TP: Initial Source Connection ID () [EncodeTPOriginalCID:/root/NanoSDK/extern/msquic/src/core/crypto_tls.c:1123]
TP: Min ACK Delay (1000 us) [EncodeTPMinAckDelay:/root/NanoSDK/extern/msquic/src/core/crypto_tls.c:1188]
Encoded 56 bytes for QUIC TP [EncodeTPEnd:/root/NanoSDK/extern/msquic/src/core/crypto_tls.c:1275]
TLS context Created [OpenSslContextCreated:/root/NanoSDK/extern/msquic/src/platform/tls_openssl.c:1699]
Sending 262 handshake bytes (Level = 0) [OpenSslAddHandshakeData:/root/NanoSDK/extern/msquic/src/platform/tls_openssl.c:557]
Scheduling flags 0x2 to 0x0 [ScheduleSendFlags:/root/NanoSDK/extern/msquic/src/core/send.c:299]
[conn][0x58aba509bf50] Queueing send flush, reason=0 [ConnQueueSendFlush:/root/NanoSDK/extern/msquic/src/core/send.c:132]
QS:262 MAX:0 UNA:0 NXT:0 RECOV:0-0 [CryptoDump:/root/NanoSDK/extern/msquic/src/core/crypto.c:46]
[conn][0x58aba509bf50] Setting 3, delay=10000000 us [ConnSetTimer:/root/NanoSDK/extern/msquic/src/core/connection.c:1184]
[time][0x58aba508ecc0] Updating Connection 0x58aba509bf50. [TimerWheelUpdateConnection:/root/NanoSDK/extern/msquic/src/core/timer_wheel.c:366]
[time][0x58aba508ecc0] Next Expiration = {26454280311, 0x58aba509bf50}. [TimerWheelNextExpiration:/root/NanoSDK/extern/msquic/src/core/timer_wheel.c:378]
[conn][0x58aba509bf50] Execute: 4 [ConnExecOper:/root/NanoSDK/extern/msquic/src/core/operation.h:275]
[conn][0x58aba509bf50] Flushing Send. Allowance=12200 bytes [ConnFlushSend:/root/NanoSDK/extern/msquic/src/core/send.c:1272]
[pack][3298534883329] Created in batch 3298534883329 [PacketCreated:/root/NanoSDK/extern/msquic/src/core/packet_builder.c:375]
Sending 262 crypto bytes, offset=0 [AddCryptoFrame:/root/NanoSDK/extern/msquic/src/core/crypto.c:677]
QS:262 MAX:262 UNA:0 NXT:262 RECOV:0-0 [CryptoDump:/root/NanoSDK/extern/msquic/src/core/crypto.c:46]
  unACKed: [0, 262] [CryptoDumpUnacked2:/root/NanoSDK/extern/msquic/src/core/crypto.c:70]
[C][TX][0] LH Ver:0x1000000 DestCid:2802bd3b843b3a6d SrcCid: Type:I (Token 0 bytes) (Payload 1202 bytes) [LogPacketLongHeaderInitial:/root/NanoSDK/extern/msquic/src/core/packet.c:728]
[C][TX][0]   CRYPTO Offset:0 Len:262 [FrameLogCrypto:/root/NanoSDK/extern/msquic/src/core/frame.c:1556]
[C][TX][0]   PADDING Len:916 [FrameLogPadding:/root/NanoSDK/extern/msquic/src/core/frame.c:1371]
[pack][3298534883329] Encrypting [PacketEncrypt:/root/NanoSDK/extern/msquic/src/core/packet_builder.c:830]
[pack][3298534883329] Finalizing [PacketFinalize:/root/NanoSDK/extern/msquic/src/core/packet_builder.c:857]
[conn][0x58aba509bf50][TX][0] 1 (1220 bytes) [ConnPacketSent:/root/NanoSDK/extern/msquic/src/core/packet_builder.c:966]
[conn][0x58aba509bf50] Setting 4, delay=60000000 us [ConnSetTimer:/root/NanoSDK/extern/msquic/src/core/connection.c:1184]
[conn][0x58aba509bf50] Setting 3, delay=10000000 us [ConnSetTimer:/root/NanoSDK/extern/msquic/src/core/connection.c:1184]
[time][0x58aba508ecc0] Updating Connection 0x58aba509bf50. [TimerWheelUpdateConnection:/root/NanoSDK/extern/msquic/src/core/timer_wheel.c:366]
[time][0x58aba508ecc0] Next Expiration = {26454280351, 0x58aba509bf50}. [TimerWheelNextExpiration:/root/NanoSDK/extern/msquic/src/core/timer_wheel.c:248]
[conn][0x58aba509bf50] OUT: BytesSent=1220 InFlight=1220 CWnd=12200 ConnFC=0 ISB=131072 PostedBytes=0 SRtt=0 1Way=0 [ConnOutFlowStatsV2:/root/NanoSDK/extern/msquic/src/core/bbr.c:352]
[conn][0x58aba509bf50] OUT: StreamFC=0 StreamSendWindow=0 [ConnOutFlowStreamStats:/root/NanoSDK/extern/msquic/src/core/connection.h:839]
Sending batch. 1 datagrams [PacketBuilderSendBatch:/root/NanoSDK/extern/msquic/src/core/packet_builder.c:1059]
[data][0x7cdb88001ca0] Send 1220 bytes in 1 buffers (segment=1220) Dst=172.18.0.2:14567, Src=172.18.0.3:59312 [DatapathSend:/root/NanoSDK/extern/msquic/src/platform/datapath_epoll.c:2394]
[pack][3298534883329] Batch sent [PacketBatchSent:/root/NanoSDK/extern/msquic/src/core/packet_builder.c:1018]
[conn][0x58aba509bf50] Setting loss detection 0 timer for 998931 us. (ProbeCount=0) [ConnLossDetectionTimerSet:/root/NanoSDK/extern/msquic/src/core/loss_detection.c:371]
[conn][0x58aba509bf50] Setting 2, delay=998931 us [ConnSetTimer:/root/NanoSDK/extern/msquic/src/core/connection.c:1184]
[time][0x58aba508ecc0] Updating Connection 0x58aba509bf50. [TimerWheelUpdateConnection:/root/NanoSDK/extern/msquic/src/core/timer_wheel.c:366]
[time][0x58aba508ecc0] Next Expiration = {26445279349, 0x58aba509bf50}. [TimerWheelNextExpiration:/root/NanoSDK/extern/msquic/src/core/timer_wheel.c:378]
Flush complete flags=0x0 [SendFlushComplete:/root/NanoSDK/extern/msquic/src/core/send.c:1462]
[conn][0x58aba509bf50] Scheduling: 0 [ConnScheduleState:/root/NanoSDK/extern/msquic/src/core/worker.c:607]
[wrkr][0x58aba508ec20] IsActive = 0, Arg = 675475573 [WorkerActivityStateUpdated:/root/NanoSDK/extern/msquic/src/core/worker.c:780]
[wrkr][0x58aba508ec20] QueueDelay = 0 [WorkerQueueDelayUpdated:/root/NanoSDK/extern/msquic/src/core/worker.c:414]
[data][0x7cdb88001ca0] Recv 1477 bytes (segment=1220) Src=172.18.0.3:59312 Dst=172.18.0.2:14567 [DatapathRecv:/root/NanoSDK/extern/msquic/src/platform/datapath_epoll.c:1893]
[pack][3298534883329] Received [PacketReceive:/root/NanoSDK/extern/msquic/src/core/binding.c:1654]
[pack][3298534883330] Received [PacketReceive:/root/NanoSDK/extern/msquic/src/core/binding.c:1654]
Queuing 2 UDP datagrams [QueueDatagrams:/root/NanoSDK/extern/msquic/src/core/connection.c:3177]
[conn][0x58aba509bf50] Scheduling: 1 [ConnScheduleState:/root/NanoSDK/extern/msquic/src/core/worker.c:254]
[wrkr][0x58aba508ec20] IsActive = 1, Arg = 674534790 [WorkerActivityStateUpdated:/root/NanoSDK/extern/msquic/src/core/worker.c:711]
[conn][0x58aba509bf50] Scheduling: 2 [ConnScheduleState:/root/NanoSDK/extern/msquic/src/core/worker.c:519]
[wrkr][0x58aba508ec20] QueueDelay = 3 [WorkerQueueDelayUpdated:/root/NanoSDK/extern/msquic/src/core/worker.c:400]
[conn][0x58aba509bf50] Execute: 1 [ConnExecOper:/root/NanoSDK/extern/msquic/src/core/operation.h:275]
[conn][0x58aba509bf50] Recv 2 UDP datagrams, 1477 bytes [ConnRecvUdpDatagrams:/root/NanoSDK/extern/msquic/src/core/connection.c:5587]
[conn][0x58aba509bf50] IN: BytesRecv=1220 [ConnInFlowStats:/root/NanoSDK/extern/msquic/src/core/connection.h:854]
Batch Recv 1 UDP datagrams [UdpRecvBatch:/root/NanoSDK/extern/msquic/src/core/connection.c:5491]
[pack][3298534883329] Decrypting [PacketDecrypt:/root/NanoSDK/extern/msquic/src/core/connection.c:4145]
[C][RX][0] LH Ver:0x1000000 DestCid: SrcCid:1051671a80aabaccd9 Type:I (Token 0 bytes) (Payload 119 bytes) [LogPacketLongHeaderInitial:/root/NanoSDK/extern/msquic/src/core/packet.c:728]
[C][RX][0]   ACK Largest:0 Delay:22 [FrameLogAck:/root/NanoSDK/extern/msquic/src/core/frame.c:1404]
[C][RX][0]     0 [FrameLogAckSingleBlock:/root/NanoSDK/extern/msquic/src/core/frame.c:1414]
[C][RX][0]   CRYPTO Offset:0 Len:90 [FrameLogCrypto:/root/NanoSDK/extern/msquic/src/core/frame.c:1556]
[conn][0x58aba509bf50][RX][0]  (122 bytes) [ConnPacketRecv:/root/NanoSDK/extern/msquic/src/core/connection.c:4298]
[conn][0x58aba509bf50] (SeqNum=0) Removed Destination CID: 2802bd3b843b3a6d [ConnDestCidRemoved:/root/NanoSDK/extern/msquic/src/core/connection.c:3324]
[conn][0x58aba509bf50] (SeqNum=0) New Destination CID: 1051671a80aabaccd9 [ConnDestCidAdded:/root/NanoSDK/extern/msquic/src/core/connection.c:3370]
[C][TX][0] ACKed (58.269 ms) [PacketTxAcked:/root/NanoSDK/extern/msquic/src/core/loss_detection.c:1462]
[conn][0x58aba509bf50][TX][0] 1 ACKed [ConnPacketACKed:/root/NanoSDK/extern/msquic/src/core/loss_detection.c:1469]
Received ack for 262 crypto bytes, offset=0 [AckCrypto:/root/NanoSDK/extern/msquic/src/core/crypto.c:1112]
QS:262 MAX:262 UNA:262 NXT:262 RECOV:0-0 [CryptoDump:/root/NanoSDK/extern/msquic/src/core/crypto.c:46]
Path[0] Minimum MTU validated [PathMinMtuValidated:/root/NanoSDK/extern/msquic/src/core/loss_detection.c:645]
New Phase Shift: -29257 us [PhaseShiftUpdated:/root/NanoSDK/extern/msquic/src/core/connection.c:807]
Updated Rtt=58.093 ms, Var=29.046 1Way=29.046 ms [RttUpdatedV2:/root/NanoSDK/extern/msquic/src/core/connection.c:820]
[conn][0x58aba509bf50] BBR: State=0 RState=0 CongestionWindow=13420 BytesInFlight=0 BytesInFlightMax=6100 MinRttEst=58093 EstBw=20937 AppLimited=0 [ConnBbr:/root/NanoSDK/extern/msquic/src/core/bbr.c:288]
[conn][0x58aba509bf50] OUT: BytesSent=1220 InFlight=0 CWnd=13420 ConnFC=0 ISB=131072 PostedBytes=0 SRtt=58093 1Way=29046 [ConnOutFlowStatsV2:/root/NanoSDK/extern/msquic/src/core/bbr.c:352]
[conn][0x58aba509bf50] OUT: StreamFC=0 StreamSendWindow=0 [ConnOutFlowStreamStats:/root/NanoSDK/extern/msquic/src/core/connection.h:839]
[conn][0x58aba509bf50] Setting loss detection 2 timer for 115982 us. (ProbeCount=0) [ConnLossDetectionTimerSet:/root/NanoSDK/extern/msquic/src/core/loss_detection.c:371]
[conn][0x58aba509bf50] Setting 2, delay=115982 us [ConnSetTimer:/root/NanoSDK/extern/msquic/src/core/connection.c:1184]
[time][0x58aba508ecc0] Updating Connection 0x58aba509bf50. [TimerWheelUpdateConnection:/root/NanoSDK/extern/msquic/src/core/timer_wheel.c:366]
[time][0x58aba508ecc0] Next Expiration = {26444454626, 0x58aba509bf50}. [TimerWheelNextExpiration:/root/NanoSDK/extern/msquic/src/core/timer_wheel.c:378]
Received 90 crypto bytes, offset=0 Ready=1 [RecvCrypto:/root/NanoSDK/extern/msquic/src/core/crypto.c:1291]
Processing 90 received bytes [OpenSslProcessData:/root/NanoSDK/extern/msquic/src/platform/tls_openssl.c:1950]
New encryption secrets (Level = 2) [OpenSslNewEncryptionSecrets:/root/NanoSDK/extern/msquic/src/platform/tls_openssl.c:428]
Writing Handshake data starts at 262 [OpenSslHandshakeDataStart:/root/NanoSDK/extern/msquic/src/platform/tls_openssl.c:2164]
Draining 90 crypto bytes [DrainCrypto:/root/NanoSDK/extern/msquic/src/core/crypto.c:1701]
[conn][0x58aba509bf50] Write Key Updated, 2. [ConnWriteKeyUpdated:/root/NanoSDK/extern/msquic/src/core/crypto.c:1415]
[conn][0x58aba509bf50] Read Key Updated, 2. [ConnReadKeyUpdated:/root/NanoSDK/extern/msquic/src/core/crypto.c:1478]
[C][RX][0] Marked for ACK (ECN=0) [PacketRxMarkedForAck:/root/NanoSDK/extern/msquic/src/core/ack_tracker.c:204]
Starting ACK_DELAY timer for 25 ms [StartAckDelayTimer:/root/NanoSDK/extern/msquic/src/core/send.c:1523]
[conn][0x58aba509bf50] Setting 1, delay=25000 us [ConnSetTimer:/root/NanoSDK/extern/msquic/src/core/connection.c:1184]
[time][0x58aba508ecc0] Updating Connection 0x58aba509bf50. [TimerWheelUpdateConnection:/root/NanoSDK/extern/msquic/src/core/timer_wheel.c:366]
[time][0x58aba508ecc0] Next Expiration = {26444364050, 0x58aba509bf50}. [TimerWheelNextExpiration:/root/NanoSDK/extern/msquic/src/core/timer_wheel.c:378]
Batch Recv 1 UDP datagrams [UdpRecvBatch:/root/NanoSDK/extern/msquic/src/core/connection.c:5491]
[pack][3298534883329] Decrypting [PacketDecrypt:/root/NanoSDK/extern/msquic/src/core/connection.c:4145]
[C][RX][1] LH Ver:0x1000000 DestCid: SrcCid:1051671a80aabaccd9 Type:HS (Payload 1064 bytes) [LogPacketLongHeader:/root/NanoSDK/extern/msquic/src/core/packet.c:740]
[C][RX][1]   CRYPTO Offset:0 Len:1039 [FrameLogCrypto:/root/NanoSDK/extern/msquic/src/core/frame.c:1556]
[C][RX][1]   PADDING Len:1 [FrameLogPadding:/root/NanoSDK/extern/msquic/src/core/frame.c:1371]
[conn][0x58aba509bf50][RX][1]  (1066 bytes) [ConnPacketRecv:/root/NanoSDK/extern/msquic/src/core/connection.c:4298]
Received 1039 crypto bytes, offset=0 Ready=1 [RecvCrypto:/root/NanoSDK/extern/msquic/src/core/crypto.c:1291]
Processing 912 received bytes [OpenSslProcessData:/root/NanoSDK/extern/msquic/src/platform/tls_openssl.c:1950]
Decoding Transport Parameters (Server = 1) (87 bytes) [DecodeTPStart:/root/NanoSDK/extern/msquic/src/core/crypto_tls.c:1311]
TP: Original Connection Destination ID (2802bd3b843b3a6d) [DecodeTPOriginalDestinationCID:/root/NanoSDK/extern/msquic/src/core/crypto_tls.c:1392]
TP: Stateless Reset Token (8555700f597c987e0c0a4627b0ed3c01) [DecodeTPStatelessResetToken:/root/NanoSDK/extern/msquic/src/core/crypto_tls.c:1441]
TP: Max Udp Payload Size (1472 bytes) [DecodeTPMaxUdpPayloadSize:/root/NanoSDK/extern/msquic/src/core/crypto_tls.c:1477]
TP: Max Data (16777216 bytes) [DecodeTPInitMaxData:/root/NanoSDK/extern/msquic/src/core/crypto_tls.c:1495]
TP: Max Local Bidirectional Stream Data (65536 bytes) [DecodeTPInitMaxStreamDataBidiLocal:/root/NanoSDK/extern/msquic/src/core/crypto_tls.c:1513]
TP: Max Remote Bidirectional Stream Data (65536 bytes) [DecodeTPInitMaxStreamDataBidiRemote:/root/NanoSDK/extern/msquic/src/core/crypto_tls.c:1531]
TP: Max Unidirectional Stream Data (65536) [DecodeTPInitMaxStreamDataBidiUni:/root/NanoSDK/extern/msquic/src/core/crypto_tls.c:1549]
TP: ACK Delay Exponent (8) [DecodeTPAckDelayExponent:/root/NanoSDK/extern/msquic/src/core/crypto_tls.c:1635]
TP: Max ACK Delay (26 ms) [DecodeTPMaxAckDelay:/root/NanoSDK/extern/msquic/src/core/crypto_tls.c:1661]
TP: Connection ID Limit (4) [DecodeTPCIDLimit:/root/NanoSDK/extern/msquic/src/core/crypto_tls.c:1720]
TP: Initial Source Connection ID (1051671a80aabaccd9) [DecodeTPInitialSourceCID:/root/NanoSDK/extern/msquic/src/core/crypto_tls.c:1743]
TP: Unknown ID 4278443546, length 2 [DecodeTPUnknown:/root/NanoSDK/extern/msquic/src/core/crypto_tls.c:1965]
Peer Transport Parameters Set [PeerTPSet:/root/NanoSDK/extern/msquic/src/core/connection.c:2881]
Indicating QUIC_CONNECTION_EVENT_DATAGRAM_STATE_CHANGED [SendEnabled=0] [MaxSendLength=0] [IndicateDatagramStateChanged:/root/NanoSDK/extern/msquic/src/core/datagram.c:300]
[ api] Enter 0 (0x58aba509bf50). [ApiEnter:/root/NanoSDK/extern/msquic/src/core/api.c:1380]
[ api] Exit 1 [ApiExitStatus:/root/NanoSDK/extern/msquic/src/core/api.c:1470]
Datagram send shutdown [DatagramSendShutdown:/root/NanoSDK/extern/msquic/src/core/datagram.c:164]
Draining 912 crypto bytes [DrainCrypto:/root/NanoSDK/extern/msquic/src/core/crypto.c:1701]
[C][RX][1] Marked for ACK (ECN=0) [PacketRxMarkedForAck:/root/NanoSDK/extern/msquic/src/core/ack_tracker.c:204]
[conn][0x58aba509bf50] IN: BytesRecv=1477 [ConnInFlowStats:/root/NanoSDK/extern/msquic/src/core/connection.h:854]
Batch Recv 1 UDP datagrams [UdpRecvBatch:/root/NanoSDK/extern/msquic/src/core/connection.c:5491]
[pack][3298534883330] Decrypting [PacketDecrypt:/root/NanoSDK/extern/msquic/src/core/connection.c:4145]
[C][RX][2] LH Ver:0x1000000 DestCid: SrcCid:1051671a80aabaccd9 Type:HS (Payload 214 bytes) [LogPacketLongHeader:/root/NanoSDK/extern/msquic/src/core/packet.c:740]
[C][RX][2]   CRYPTO Offset:1039 Len:189 [FrameLogCrypto:/root/NanoSDK/extern/msquic/src/core/frame.c:1556]
[conn][0x58aba509bf50][RX][2]  (216 bytes) [ConnPacketRecv:/root/NanoSDK/extern/msquic/src/core/connection.c:4298]
Received 189 crypto bytes, offset=1039 Ready=1 [RecvCrypto:/root/NanoSDK/extern/msquic/src/core/crypto.c:1291]
Processing 316 received bytes [OpenSslProcessData:/root/NanoSDK/extern/msquic/src/platform/tls_openssl.c:1950]
New encryption secrets (Level = 3) [OpenSslNewEncryptionSecrets:/root/NanoSDK/extern/msquic/src/platform/tls_openssl.c:428]
Sending 52 handshake bytes (Level = 2) [OpenSslAddHandshakeData:/root/NanoSDK/extern/msquic/src/platform/tls_openssl.c:557]
TLS Handshake complete [OpenSslHandshakeComplete:/root/NanoSDK/extern/msquic/src/platform/tls_openssl.c:2091]
Writing 1-RTT data starts at 314 [OpenSsl1RttDataStart:/root/NanoSDK/extern/msquic/src/platform/tls_openssl.c:2173]
Draining 316 crypto bytes [DrainCrypto:/root/NanoSDK/extern/msquic/src/core/crypto.c:1701]
[conn][0x58aba509bf50] Write Key Updated, 3. [ConnWriteKeyUpdated:/root/NanoSDK/extern/msquic/src/core/crypto.c:1415]
[conn][0x58aba509bf50] Queueing send flush, reason=8 [ConnQueueSendFlush:/root/NanoSDK/extern/msquic/src/core/send.c:132]
[conn][0x58aba509bf50] Read Key Updated, 3. [ConnReadKeyUpdated:/root/NanoSDK/extern/msquic/src/core/crypto.c:1478]
Scheduling flags 0x2 to 0x0 [ScheduleSendFlags:/root/NanoSDK/extern/msquic/src/core/send.c:299]
QS:314 MAX:262 UNA:262 NXT:262 RECOV:0-0 [CryptoDump:/root/NanoSDK/extern/msquic/src/core/crypto.c:46]
[conn][0x58aba509bf50] Handshake complete [ConnHandshakeComplete:/root/NanoSDK/extern/msquic/src/core/crypto.c:1564]
Indicating QUIC_CONNECTION_EVENT_CONNECTED (Resume=0) [IndicateConnected:/root/NanoSDK/extern/msquic/src/core/crypto.c:1648]
[ api] Enter 0 (0x58aba509bf50). [ApiEnter:/root/NanoSDK/extern/msquic/src/core/api.c:1380]
[ api] Exit 1 [ApiExitStatus:/root/NanoSDK/extern/msquic/src/core/api.c:1470]
[ api] Enter 18 (0x58aba509bf50). [ApiEnter:/root/NanoSDK/extern/msquic/src/core/api.c:624]
[strm][0x7cdb88017090] Allocated, Conn=0x58aba509bf50 [StreamAlloc:/root/NanoSDK/extern/msquic/src/core/stream.c:40]
[ api] Exit 0 [ApiExitStatus:/root/NanoSDK/extern/msquic/src/core/api.c:671]
[ api] Enter 20 (0x7cdb88017090). [ApiEnter:/root/NanoSDK/extern/msquic/src/core/api.c:800]
[ api] Exit 4294967294 [ApiExitStatus:/root/NanoSDK/extern/msquic/src/core/api.c:865]
[ api] Enter 24 ((nil)). [ApiEnter:/root/NanoSDK/extern/msquic/src/core/api.c:1218]
[ api] Exit 22 [ApiExitStatus:/root/NanoSDK/extern/msquic/src/core/api.c:1271]
[ api] Enter 22 (0x7cdb88017090). [ApiEnter:/root/NanoSDK/extern/msquic/src/core/api.c:1015]
[strm][0x7cdb88017090] App queuing send [29 bytes, 2 buffers, 0x0 flags] [StreamAppSend:/root/NanoSDK/extern/msquic/src/core/api.c:1072]
[ api] Exit 4294967294 [ApiExitStatus:/root/NanoSDK/extern/msquic/src/core/api.c:1197]
[ api] Enter 24 (0x7cdb88017090). [ApiEnter:/root/NanoSDK/extern/msquic/src/core/api.c:1218]
[ api] Exit 4294967294 [ApiExitStatus:/root/NanoSDK/extern/msquic/src/core/api.c:1271]
Path[0] Mtu Discovery Initialized: max_mtu=1500, cur/min_mtu=1248 [MtuPathInitialized:/root/NanoSDK/extern/msquic/src/core/mtu_discovery.c:167]
Path[0] Mtu Discovery Search Packet Sending with MTU 1280 [MtuSearching:/root/NanoSDK/extern/msquic/src/core/mtu_discovery.c:136]
Scheduling flags 0x80000000 to 0x2 [ScheduleSendFlags:/root/NanoSDK/extern/msquic/src/core/send.c:299]
[C][RX][2] Marked for ACK (ECN=0) [PacketRxMarkedForAck:/root/NanoSDK/extern/msquic/src/core/ack_tracker.c:204]
[time][0x58aba508ecc0] Updating Connection 0x58aba509bf50. [TimerWheelUpdateConnection:/root/NanoSDK/extern/msquic/src/core/timer_wheel.c:366]
[time][0x58aba508ecc0] Next Expiration = {26444454626, 0x58aba509bf50}. [TimerWheelNextExpiration:/root/NanoSDK/extern/msquic/src/core/timer_wheel.c:248]
Scheduling flags 0x1 to 0x80000002 [ScheduleSendFlags:/root/NanoSDK/extern/msquic/src/core/send.c:299]
Batch Recv 1 UDP datagrams [UdpRecvBatch:/root/NanoSDK/extern/msquic/src/core/connection.c:5491]
[pack][3298534883330] Decrypting [PacketDecrypt:/root/NanoSDK/extern/msquic/src/core/connection.c:4145]
[C][RX][3] SH DestCid: KP:0 SB:0 (Payload 8 bytes) [LogPacketShortHeader:/root/NanoSDK/extern/msquic/src/core/packet.c:785]
[C][RX][3]   MAX_STREAMS[1] Count:10 [FrameLogMaxStreams:/root/NanoSDK/extern/msquic/src/core/frame.c:1693]
[C][RX][3]   MAX_STREAMS[0] Count:1 [FrameLogMaxStreams:/root/NanoSDK/extern/msquic/src/core/frame.c:1693]
[conn][0x58aba509bf50][RX][3]  (9 bytes) [ConnPacketRecv:/root/NanoSDK/extern/msquic/src/core/connection.c:4298]
Peer updated max stream count (1, 10). [PeerStreamCountsUpdated:/root/NanoSDK/extern/msquic/src/core/stream_set.c:396]
Indicating QUIC_CONNECTION_EVENT_STREAMS_AVAILABLE [bi=10 uni=0] [IndicateStreamsAvailable:/root/NanoSDK/extern/msquic/src/core/stream_set.c:253]
[ api] Enter 0 (0x58aba509bf50). [ApiEnter:/root/NanoSDK/extern/msquic/src/core/api.c:1380]
[ api] Exit 1 [ApiExitStatus:/root/NanoSDK/extern/msquic/src/core/api.c:1470]
Peer updated max stream count (0, 1). [PeerStreamCountsUpdated:/root/NanoSDK/extern/msquic/src/core/stream_set.c:396]
Indicating QUIC_CONNECTION_EVENT_STREAMS_AVAILABLE [bi=10 uni=1] [IndicateStreamsAvailable:/root/NanoSDK/extern/msquic/src/core/stream_set.c:253]
[ api] Enter 0 (0x58aba509bf50). [ApiEnter:/root/NanoSDK/extern/msquic/src/core/api.c:1380]
[ api] Exit 1 [ApiExitStatus:/root/NanoSDK/extern/msquic/src/core/api.c:1470]
[C][RX][3] Marked for ACK (ECN=0) [PacketRxMarkedForAck:/root/NanoSDK/extern/msquic/src/core/ack_tracker.c:204]
[conn][0x58aba509bf50] Setting 4, delay=30000000 us [ConnSetTimer:/root/NanoSDK/extern/msquic/src/core/connection.c:1184]
[conn][0x58aba509bf50] Setting 3, delay=10000000 us [ConnSetTimer:/root/NanoSDK/extern/msquic/src/core/connection.c:1184]
[conn][0x58aba509bf50] Execute: 4 [ConnExecOper:/root/NanoSDK/extern/msquic/src/core/operation.h:275]
[conn][0x58aba509bf50] Flushing Send. Allowance=3355 bytes [ConnFlushSend:/root/NanoSDK/extern/msquic/src/core/send.c:1272]
[pack][3298534883330] Created in batch 3298534883330 [PacketCreated:/root/NanoSDK/extern/msquic/src/core/packet_builder.c:375]
[C][TX][1] LH Ver:0x1000000 DestCid:1051671a80aabaccd9 SrcCid: Type:I (Token 0 bytes) (Payload 25 bytes) [LogPacketLongHeaderInitial:/root/NanoSDK/extern/msquic/src/core/packet.c:728]
[C][TX][1]   ACK Largest:0 Delay:5 [FrameLogAck:/root/NanoSDK/extern/msquic/src/core/frame.c:1404]
[C][TX][1]     0 [FrameLogAckSingleBlock:/root/NanoSDK/extern/msquic/src/core/frame.c:1414]
[pack][3298534883330] Encrypting [PacketEncrypt:/root/NanoSDK/extern/msquic/src/core/packet_builder.c:830]
[pack][3298534883330] Finalizing [PacketFinalize:/root/NanoSDK/extern/msquic/src/core/packet_builder.c:857]
[conn][0x58aba509bf50][TX][1] 1 (44 bytes) [ConnPacketSent:/root/NanoSDK/extern/msquic/src/core/packet_builder.c:966]
[pack][3298534883331] Created in batch 3298534883330 [PacketCreated:/root/NanoSDK/extern/msquic/src/core/packet_builder.c:375]
Discarding key type = 0 [DiscardKeyType:/root/NanoSDK/extern/msquic/src/core/crypto.c:520]
[C][TX][1] ACKed (implicit) [PacketTxAckedImplicit:/root/NanoSDK/extern/msquic/src/core/loss_detection.c:1167]
[conn][0x58aba509bf50][TX][1] 1 ACKed [ConnPacketACKed:/root/NanoSDK/extern/msquic/src/core/loss_detection.c:1172]
Sending 52 crypto bytes, offset=262 [AddCryptoFrame:/root/NanoSDK/extern/msquic/src/core/crypto.c:677]
QS:314 MAX:314 UNA:262 NXT:314 RECOV:0-0 [CryptoDump:/root/NanoSDK/extern/msquic/src/core/crypto.c:46]
  unACKed: [262, 314] [CryptoDumpUnacked2:/root/NanoSDK/extern/msquic/src/core/crypto.c:70]
[C][TX][2] LH Ver:0x1000000 DestCid:1051671a80aabaccd9 SrcCid: Type:HS (Payload 80 bytes) [LogPacketLongHeader:/root/NanoSDK/extern/msquic/src/core/packet.c:740]
[C][TX][2]   ACK Largest:2 Delay:3 [FrameLogAck:/root/NanoSDK/extern/msquic/src/core/frame.c:1404]
[C][TX][2]     1 - 2 [FrameLogAckMultiBlock:/root/NanoSDK/extern/msquic/src/core/frame.c:1422]
[C][TX][2]   CRYPTO Offset:0 Len:52 [FrameLogCrypto:/root/NanoSDK/extern/msquic/src/core/frame.c:1556]
[pack][3298534883331] Encrypting [PacketEncrypt:/root/NanoSDK/extern/msquic/src/core/packet_builder.c:830]
[pack][3298534883331] Finalizing [PacketFinalize:/root/NanoSDK/extern/msquic/src/core/packet_builder.c:857]
[conn][0x58aba509bf50][TX][2] 3 (98 bytes) [ConnPacketSent:/root/NanoSDK/extern/msquic/src/core/packet_builder.c:966]
[conn][0x58aba509bf50] Setting 4, delay=30000000 us [ConnSetTimer:/root/NanoSDK/extern/msquic/src/core/connection.c:1184]
[conn][0x58aba509bf50] Setting 3, delay=10000000 us [ConnSetTimer:/root/NanoSDK/extern/msquic/src/core/connection.c:1184]
[conn][0x58aba509bf50] OUT: BytesSent=1362 InFlight=98 CWnd=13420 ConnFC=16777216 ISB=131072 PostedBytes=0 SRtt=58093 1Way=29046 [ConnOutFlowStatsV2:/root/NanoSDK/extern/msquic/src/core/bbr.c:352]
[conn][0x58aba509bf50] OUT: StreamFC=0 StreamSendWindow=0 [ConnOutFlowStreamStats:/root/NanoSDK/extern/msquic/src/core/connection.h:839]
[pack][3298534883332] Created in batch 3298534883330 [PacketCreated:/root/NanoSDK/extern/msquic/src/core/packet_builder.c:375]
[C][TX][3] SH DestCid:1051671a80aabaccd9 KP:0 SB:1 (Payload 1052 bytes) [LogPacketShortHeader:/root/NanoSDK/extern/msquic/src/core/packet.c:785]
[C][TX][3]   ACK Largest:3 Delay:0 [FrameLogAck:/root/NanoSDK/extern/msquic/src/core/frame.c:1404]
[C][TX][3]     3 [FrameLogAckSingleBlock:/root/NanoSDK/extern/msquic/src/core/frame.c:1414]
[C][TX][3]   PADDING Len:1043 [FrameLogPadding:/root/NanoSDK/extern/msquic/src/core/frame.c:1371]
[pack][3298534883332] Encrypting [PacketEncrypt:/root/NanoSDK/extern/msquic/src/core/packet_builder.c:830]
[pack][3298534883332] Finalizing [PacketFinalize:/root/NanoSDK/extern/msquic/src/core/packet_builder.c:857]
[conn][0x58aba509bf50][TX][3] 5 (1078 bytes) [ConnPacketSent:/root/NanoSDK/extern/msquic/src/core/packet_builder.c:966]
Sending batch. 1 datagrams [PacketBuilderSendBatch:/root/NanoSDK/extern/msquic/src/core/packet_builder.c:1059]
[data][0x7cdb88001ca0] Send 1220 bytes in 1 buffers (segment=1220) Dst=172.18.0.2:14567, Src=172.18.0.3:59312 [DatapathSend:/root/NanoSDK/extern/msquic/src/platform/datapath_epoll.c:2394]
[pack][3298534883330] Batch sent [PacketBatchSent:/root/NanoSDK/extern/msquic/src/core/packet_builder.c:1018]
[pack][3298534883333] Created in batch 3298534883331 [PacketCreated:/root/NanoSDK/extern/msquic/src/core/packet_builder.c:375]
[C][TX][4] SH DestCid:1051671a80aabaccd9 KP:0 SB:1 (Payload 1226 bytes) [LogPacketShortHeader:/root/NanoSDK/extern/msquic/src/core/packet.c:785]
[C][TX][4]   PING [FrameLogPing:/root/NanoSDK/extern/msquic/src/core/frame.c:1382]
[C][TX][4]   PADDING Len:1221 [FrameLogPadding:/root/NanoSDK/extern/msquic/src/core/frame.c:1371]
[pack][3298534883333] Encrypting [PacketEncrypt:/root/NanoSDK/extern/msquic/src/core/packet_builder.c:830]
[pack][3298534883333] Finalizing [PacketFinalize:/root/NanoSDK/extern/msquic/src/core/packet_builder.c:857]
[conn][0x58aba509bf50][TX][4] 5 (1252 bytes) [ConnPacketSent:/root/NanoSDK/extern/msquic/src/core/packet_builder.c:966]
Sending batch. 2 datagrams [PacketBuilderSendBatch:/root/NanoSDK/extern/msquic/src/core/packet_builder.c:1059]
[data][0x7cdb88001ca0] Send 1252 bytes in 1 buffers (segment=0) Dst=172.18.0.2:14567, Src=172.18.0.3:59312 [DatapathSend:/root/NanoSDK/extern/msquic/src/platform/datapath_epoll.c:2394]
[pack][3298534883331] Batch sent [PacketBatchSent:/root/NanoSDK/extern/msquic/src/core/packet_builder.c:1018]
[conn][0x58aba509bf50] Setting loss detection 2 timer for 200159 us. (ProbeCount=0) [ConnLossDetectionTimerSet:/root/NanoSDK/extern/msquic/src/core/loss_detection.c:371]
[conn][0x58aba509bf50] Setting 2, delay=200159 us [ConnSetTimer:/root/NanoSDK/extern/msquic/src/core/connection.c:1184]
[time][0x58aba508ecc0] Updating Connection 0x58aba509bf50. [TimerWheelUpdateConnection:/root/NanoSDK/extern/msquic/src/core/timer_wheel.c:366]
[time][0x58aba508ecc0] Next Expiration = {26444540470, 0x58aba509bf50}. [TimerWheelNextExpiration:/root/NanoSDK/extern/msquic/src/core/timer_wheel.c:248]
Flush complete flags=0x0 [SendFlushComplete:/root/NanoSDK/extern/msquic/src/core/send.c:1462]
[conn][0x58aba509bf50] Execute: 7 [ConnExecApiOper:/root/NanoSDK/extern/msquic/src/core/operation.h:261]
[strm][0x7cdb88017090] Created, Conn=0x58aba509bf50 ID=0 IsLocal=1 [StreamCreated:/root/NanoSDK/extern/msquic/src/core/stream.c:300]
[strm][0x7cdb88017090] Send State: 1 [StreamSendState:/root/NanoSDK/extern/msquic/src/core/stream.c:307]
[strm][0x7cdb88017090] Recv State: 1 [StreamRecvState:/root/NanoSDK/extern/msquic/src/core/stream.c:312]
[strm][0x7cdb88017090] Send Blocked Flags: 128 [StreamOutFlowBlocked:/root/NanoSDK/extern/msquic/src/core/stream.h:784]
Indicating QUIC_STREAM_EVENT_START_COMPLETE [Status=0x0 ID=0 Accepted=1] [IndicateStartComplete:/root/NanoSDK/extern/msquic/src/core/stream.c:501]
[conn][0x58aba509bf50] Execute: 8 [ConnExecApiOper:/root/NanoSDK/extern/msquic/src/core/operation.h:261]
[strm][0x7cdb88017090] Send Blocked Flags: 0 [StreamOutFlowBlocked:/root/NanoSDK/extern/msquic/src/core/stream.h:828]
Send Request [0x7cdb880545d0] queued with 29 bytes at offset 0 (flags 0x0) [SendQueued:/root/NanoSDK/extern/msquic/src/core/stream_send.c:584]
Setting flags 0x10 (existing flags: 0x0) [SetSendFlag:/root/NanoSDK/extern/msquic/src/core/send.c:411]
[conn][0x58aba509bf50] Queueing send flush, reason=1 [ConnQueueSendFlush:/root/NanoSDK/extern/msquic/src/core/send.c:132]
Indicating QUIC_STREAM_EVENT_SEND_COMPLETE [0x7cdb880545d0] [IndicateSendComplete:/root/NanoSDK/extern/msquic/src/core/stream_send.c:525]
[ api] Enter 22 (0x7cdb88017090). [ApiEnter:/root/NanoSDK/extern/msquic/src/core/api.c:1015]
[strm][0x7cdb88017090] App queuing send [109 bytes, 2 buffers, 0x0 flags] [StreamAppSend:/root/NanoSDK/extern/msquic/src/core/api.c:1072]
[ api] Exit 4294967294 [ApiExitStatus:/root/NanoSDK/extern/msquic/src/core/api.c:1197]
[Msg Sent][CLIENT FOR QUIC]...
SF:10 FC:65536 QS:29 MAX:0 UNA:0 NXT:0 RECOV:0-0 REL: 0 [SendDump:/root/NanoSDK/extern/msquic/src/core/stream_send.c:1709]
[conn][0x58aba509bf50] Execute: 10 [ConnExecApiOper:/root/NanoSDK/extern/msquic/src/core/operation.h:261]
[conn][0x58aba509bf50] Execute: 4 [ConnExecOper:/root/NanoSDK/extern/msquic/src/core/operation.h:275]
[conn][0x58aba509bf50] Flushing Send. Allowance=3355 bytes [ConnFlushSend:/root/NanoSDK/extern/msquic/src/core/send.c:1272]
[pack][3298534883334] Created in batch 3298534883332 [PacketCreated:/root/NanoSDK/extern/msquic/src/core/packet_builder.c:375]
[strm][0x7cdb88017090] Writing frames to packet 3298534883334 [StreamWriteFrames:/root/NanoSDK/extern/msquic/src/core/stream_send.c:1107]
Built stream frame, offset=0 len=29 fin=0 [AddFrame:/root/NanoSDK/extern/msquic/src/core/stream_send.c:842]
[strm][0x7cdb88017090] Send Blocked Flags: 128 [StreamOutFlowBlocked:/root/NanoSDK/extern/msquic/src/core/stream.h:784]
SF:10 FC:65536 QS:29 MAX:29 UNA:0 NXT:29 RECOV:0-0 REL: 0 [SendDump:/root/NanoSDK/extern/msquic/src/core/stream_send.c:1709]
  unACKed: [0, 29] [SendDumpAck:/root/NanoSDK/extern/msquic/src/core/stream_send.c:1736]
[C][TX][5] SH DestCid:1051671a80aabaccd9 KP:0 SB:1 (Payload 37 bytes) [LogPacketShortHeader:/root/NanoSDK/extern/msquic/src/core/packet.c:785]
[C][TX][5]   STREAM ID:0 Offset:0 Len:29 [FrameLogStream:/root/NanoSDK/extern/msquic/src/core/frame.c:1621]
[pack][3298534883334] Encrypting [PacketEncrypt:/root/NanoSDK/extern/msquic/src/core/packet_builder.c:830]
[pack][3298534883334] Finalizing [PacketFinalize:/root/NanoSDK/extern/msquic/src/core/packet_builder.c:857]
[conn][0x58aba509bf50][TX][5] 5 (63 bytes) [ConnPacketSent:/root/NanoSDK/extern/msquic/src/core/packet_builder.c:966]
[conn][0x58aba509bf50] OUT: BytesSent=3755 InFlight=161 CWnd=13420 ConnFC=16777187 ISB=131072 PostedBytes=29 SRtt=58093 1Way=29046 [ConnOutFlowStatsV2:/root/NanoSDK/extern/msquic/src/core/bbr.c:352]
[conn][0x58aba509bf50] OUT: StreamFC=65507 StreamSendWindow=65536 [ConnOutFlowStreamStats:/root/NanoSDK/extern/msquic/src/core/connection.h:839]
Sending batch. 1 datagrams [PacketBuilderSendBatch:/root/NanoSDK/extern/msquic/src/core/packet_builder.c:1059]
[data][0x7cdb88001ca0] Send 63 bytes in 1 buffers (segment=1220) Dst=172.18.0.2:14567, Src=172.18.0.3:59312 [DatapathSend:/root/NanoSDK/extern/msquic/src/platform/datapath_epoll.c:2394]
[pack][3298534883332] Batch sent [PacketBatchSent:/root/NanoSDK/extern/msquic/src/core/packet_builder.c:1018]
[conn][0x58aba509bf50] Setting loss detection 2 timer for 200257 us. (ProbeCount=0) [ConnLossDetectionTimerSet:/root/NanoSDK/extern/msquic/src/core/loss_detection.c:371]
[conn][0x58aba509bf50] Setting 2, delay=200257 us [ConnSetTimer:/root/NanoSDK/extern/msquic/src/core/connection.c:1184]
[time][0x58aba508ecc0] Updating Connection 0x58aba509bf50. [TimerWheelUpdateConnection:/root/NanoSDK/extern/msquic/src/core/timer_wheel.c:366]
[time][0x58aba508ecc0] Next Expiration = {26444540684, 0x58aba509bf50}. [TimerWheelNextExpiration:/root/NanoSDK/extern/msquic/src/core/timer_wheel.c:248]
Flush complete flags=0x0 [SendFlushComplete:/root/NanoSDK/extern/msquic/src/core/send.c:1462]
[conn][0x58aba509bf50] Execute: 8 [ConnExecApiOper:/root/NanoSDK/extern/msquic/src/core/operation.h:261]
[strm][0x7cdb88017090] Send Blocked Flags: 0 [StreamOutFlowBlocked:/root/NanoSDK/extern/msquic/src/core/stream.h:828]
Send Request [0x7cdb88017500] queued with 109 bytes at offset 29 (flags 0x0) [SendQueued:/root/NanoSDK/extern/msquic/src/core/stream_send.c:584]
Setting flags 0x10 (existing flags: 0x0) [SetSendFlag:/root/NanoSDK/extern/msquic/src/core/send.c:411]
[conn][0x58aba509bf50] Queueing send flush, reason=1 [ConnQueueSendFlush:/root/NanoSDK/extern/msquic/src/core/send.c:132]
Indicating QUIC_STREAM_EVENT_SEND_COMPLETE [0x7cdb88017500] [IndicateSendComplete:/root/NanoSDK/extern/msquic/src/core/stream_send.c:525]
[Msg Sent][CLIENT FOR QUIC]...
SF:10 FC:65536 QS:138 MAX:29 UNA:0 NXT:29 RECOV:0-0 REL: 0 [SendDump:/root/NanoSDK/extern/msquic/src/core/stream_send.c:1709]
  unACKed: [0, 29] [SendDumpAck:/root/NanoSDK/extern/msquic/src/core/stream_send.c:1736]
[conn][0x58aba509bf50] Execute: 4 [ConnExecOper:/root/NanoSDK/extern/msquic/src/core/operation.h:275]
[conn][0x58aba509bf50] Flushing Send. Allowance=3355 bytes [ConnFlushSend:/root/NanoSDK/extern/msquic/src/core/send.c:1272]
[pack][3298534883335] Created in batch 3298534883333 [PacketCreated:/root/NanoSDK/extern/msquic/src/core/packet_builder.c:375]
[strm][0x7cdb88017090] Writing frames to packet 3298534883335 [StreamWriteFrames:/root/NanoSDK/extern/msquic/src/core/stream_send.c:1107]
Built stream frame, offset=29 len=109 fin=0 [AddFrame:/root/NanoSDK/extern/msquic/src/core/stream_send.c:842]
[strm][0x7cdb88017090] Send Blocked Flags: 128 [StreamOutFlowBlocked:/root/NanoSDK/extern/msquic/src/core/stream.h:784]
SF:10 FC:65536 QS:138 MAX:138 UNA:0 NXT:138 RECOV:0-0 REL: 0 [SendDump:/root/NanoSDK/extern/msquic/src/core/stream_send.c:1709]
  unACKed: [0, 138] [SendDumpAck:/root/NanoSDK/extern/msquic/src/core/stream_send.c:1736]
[C][TX][6] SH DestCid:1051671a80aabaccd9 KP:0 SB:1 (Payload 118 bytes) [LogPacketShortHeader:/root/NanoSDK/extern/msquic/src/core/packet.c:785]
[C][TX][6]   STREAM ID:0 Offset:29 Len:109 [FrameLogStream:/root/NanoSDK/extern/msquic/src/core/frame.c:1621]
[pack][3298534883335] Encrypting [PacketEncrypt:/root/NanoSDK/extern/msquic/src/core/packet_builder.c:830]
[pack][3298534883335] Finalizing [PacketFinalize:/root/NanoSDK/extern/msquic/src/core/packet_builder.c:857]
[conn][0x58aba509bf50][TX][6] 5 (144 bytes) [ConnPacketSent:/root/NanoSDK/extern/msquic/src/core/packet_builder.c:966]
[conn][0x58aba509bf50] OUT: BytesSent=3899 InFlight=305 CWnd=13420 ConnFC=16777078 ISB=131072 PostedBytes=138 SRtt=58093 1Way=29046 [ConnOutFlowStatsV2:/root/NanoSDK/extern/msquic/src/core/bbr.c:352]
[conn][0x58aba509bf50] OUT: StreamFC=65398 StreamSendWindow=65536 [ConnOutFlowStreamStats:/root/NanoSDK/extern/msquic/src/core/connection.h:839]
Sending batch. 1 datagrams [PacketBuilderSendBatch:/root/NanoSDK/extern/msquic/src/core/packet_builder.c:1059]
[data][0x7cdb88001ca0] Send 144 bytes in 1 buffers (segment=1220) Dst=172.18.0.2:14567, Src=172.18.0.3:59312 [DatapathSend:/root/NanoSDK/extern/msquic/src/platform/datapath_epoll.c:2394]
[pack][3298534883333] Batch sent [PacketBatchSent:/root/NanoSDK/extern/msquic/src/core/packet_builder.c:1018]
[conn][0x58aba509bf50] Setting loss detection 2 timer for 200259 us. (ProbeCount=0) [ConnLossDetectionTimerSet:/root/NanoSDK/extern/msquic/src/core/loss_detection.c:371]
[conn][0x58aba509bf50] Setting 2, delay=200259 us [ConnSetTimer:/root/NanoSDK/extern/msquic/src/core/connection.c:1184]
[time][0x58aba508ecc0] Updating Connection 0x58aba509bf50. [TimerWheelUpdateConnection:/root/NanoSDK/extern/msquic/src/core/timer_wheel.c:366]
[time][0x58aba508ecc0] Next Expiration = {26444540740, 0x58aba509bf50}. [TimerWheelNextExpiration:/root/NanoSDK/extern/msquic/src/core/timer_wheel.c:248]
Flush complete flags=0x0 [SendFlushComplete:/root/NanoSDK/extern/msquic/src/core/send.c:1462]
[conn][0x58aba509bf50] Scheduling: 0 [ConnScheduleState:/root/NanoSDK/extern/msquic/src/core/worker.c:607]
[wrkr][0x58aba508ec20] IsActive = 0, Arg = 674736964 [WorkerActivityStateUpdated:/root/NanoSDK/extern/msquic/src/core/worker.c:780]
[wrkr][0x58aba508ec20] QueueDelay = 0 [WorkerQueueDelayUpdated:/root/NanoSDK/extern/msquic/src/core/worker.c:414]
[ api] Enter 21 (0x7cdb88017090). [ApiEnter:/root/NanoSDK/extern/msquic/src/core/api.c:887]
[conn][0x58aba509bf50] Scheduling: 1 [ConnScheduleState:/root/NanoSDK/extern/msquic/src/core/worker.c:254]
[ api] Exit 4294967294 [ApiExitStatus:/root/NanoSDK/extern/msquic/src/core/api.c:985]
[ api] Enter 14 (0x58aba509bf50). [ApiEnter:/root/NanoSDK/extern/msquic/src/core/api.c:203]
[ api] Exit [ApiExit:/root/NanoSDK/extern/msquic/src/core/api.c:256]
[wrkr][0x58aba508ec20] IsActive = 1, Arg = 674538688 [WorkerActivityStateUpdated:/root/NanoSDK/extern/msquic/src/core/worker.c:711]
[conn][0x58aba509bf50] Scheduling: 2 [ConnScheduleState:/root/NanoSDK/extern/msquic/src/core/worker.c:519]
[wrkr][0x58aba508ec20] QueueDelay = 3 [WorkerQueueDelayUpdated:/root/NanoSDK/extern/msquic/src/core/worker.c:400]
[conn][0x58aba509bf50] Execute: 1 [ConnExecApiOper:/root/NanoSDK/extern/msquic/src/core/operation.h:261]
[conn][0x58aba509bf50] Setting 5, delay=600831 us [ConnSetTimer:/root/NanoSDK/extern/msquic/src/core/connection.c:1184]
Scheduling flags 0x8 to 0x0 [ScheduleSendFlags:/root/NanoSDK/extern/msquic/src/core/send.c:299]
[conn][0x58aba509bf50] Queueing send flush, reason=0 [ConnQueueSendFlush:/root/NanoSDK/extern/msquic/src/core/send.c:132]
[conn][0x58aba509bf50] STATS: SRtt=58093 CongestionCount=0 PersistentCongestionCount=0 SendTotalBytes=3899 RecvTotalBytes=1477 CongestionWindow=13420 Cc=BBR EcnCongestionCount=0 [ConnStatsV3:/root/NanoSDK/extern/msquic/src/core/connection.h:870]
[conn][0x58aba509bf50] STATS: SendTotalPackets=7 SendSuspectedLostPackets=0 SendSpuriousLostPackets=0 RecvTotalPackets=4 RecvReorderedPackets=0 RecvDroppedPackets=0 RecvDuplicatePackets=0 RecvDecryptionFailures=0 [ConnPacketStats:/root/NanoSDK/extern/msquic/src/core/connection.h:883]
[conn][0x58aba509bf50] App Shutdown: 7 (Remote=0) [ConnAppShutdown:/root/NanoSDK/extern/msquic/src/core/connection.c:1638]
[strm][0x7cdb88017090] Send Blocked Flags: 0 [StreamOutFlowBlocked:/root/NanoSDK/extern/msquic/src/core/stream.h:828]
Indicating QUIC_STREAM_EVENT_SEND_SHUTDOWN_COMPLETE [IndicateSendShutdownComplete:/root/NanoSDK/extern/msquic/src/core/stream_send.c:104]
SF:0 FC:65536 QS:138 MAX:138 UNA:0 NXT:138 RECOV:0-0 REL: 0 [SendDump:/root/NanoSDK/extern/msquic/src/core/stream_send.c:1709]
  unACKed: [0, 138] [SendDumpAck:/root/NanoSDK/extern/msquic/src/core/stream_send.c:1736]
[strm][0x7cdb88017090] Send State: 3 [StreamSendState:/root/NanoSDK/extern/msquic/src/core/stream_send.c:286]
[strm][0x7cdb88017090] Recv State: 3 [StreamRecvState:/root/NanoSDK/extern/msquic/src/core/stream_recv.c:110]
Indicating QUIC_STREAM_EVENT_SHUTDOWN_COMPLETE [Shutdown=1, ShutdownByApp=1, ClosedRemotely=0, ErrorCode=0x7, CloseStatus=0x5] [IndicateStreamShutdownComplete:/root/NanoSDK/extern/msquic/src/core/stream.c:535]
[conn][0x58aba509bf50] Execute: 6 [ConnExecApiOper:/root/NanoSDK/extern/msquic/src/core/operation.h:261]
[strm][0x7cdb88017090] Send State: 3 [StreamSendState:/root/NanoSDK/extern/msquic/src/core/stream_send.c:286]
[strm][0x7cdb88017090] Recv State: 3 [StreamRecvState:/root/NanoSDK/extern/msquic/src/core/stream_recv.c:110]
[conn][0x58aba509bf50] Execute: 4 [ConnExecOper:/root/NanoSDK/extern/msquic/src/core/operation.h:275]
[conn][0x58aba509bf50] Flushing Send. Allowance=3355 bytes [ConnFlushSend:/root/NanoSDK/extern/msquic/src/core/send.c:1272]
[pack][3298534883336] Created in batch 3298534883334 [PacketCreated:/root/NanoSDK/extern/msquic/src/core/packet_builder.c:375]
[C][TX][7] LH Ver:0x1000000 DestCid:1051671a80aabaccd9 SrcCid: Type:HS (Payload 24 bytes) [LogPacketLongHeader:/root/NanoSDK/extern/msquic/src/core/packet.c:740]
[C][TX][7]   CONN_CLOSE ErrorCode:0xB FrameType:0 [FrameLogConnectionClose:/root/NanoSDK/extern/msquic/src/core/frame.c:1885]
[pack][3298534883336] Encrypting [PacketEncrypt:/root/NanoSDK/extern/msquic/src/core/packet_builder.c:830]
[pack][3298534883336] Finalizing [PacketFinalize:/root/NanoSDK/extern/msquic/src/core/packet_builder.c:857]
[conn][0x58aba509bf50][TX][7] 3 (42 bytes) [ConnPacketSent:/root/NanoSDK/extern/msquic/src/core/packet_builder.c:966]
[pack][3298534883337] Created in batch 3298534883334 [PacketCreated:/root/NanoSDK/extern/msquic/src/core/packet_builder.c:375]
[C][TX][8] SH DestCid:1051671a80aabaccd9 KP:0 SB:1 (Payload 7 bytes) [LogPacketShortHeader:/root/NanoSDK/extern/msquic/src/core/packet.c:785]
[C][TX][8]   CONN_CLOSE (App) ErrorCode:0x7 [FrameLogConnectionCloseApp:/root/NanoSDK/extern/msquic/src/core/frame.c:1877]
[pack][3298534883337] Encrypting [PacketEncrypt:/root/NanoSDK/extern/msquic/src/core/packet_builder.c:830]
[pack][3298534883337] Finalizing [PacketFinalize:/root/NanoSDK/extern/msquic/src/core/packet_builder.c:857]
[conn][0x58aba509bf50][TX][8] 5 (33 bytes) [ConnPacketSent:/root/NanoSDK/extern/msquic/src/core/packet_builder.c:966]
Sending batch. 1 datagrams [PacketBuilderSendBatch:/root/NanoSDK/extern/msquic/src/core/packet_builder.c:1059]
[data][0x7cdb88001ca0] Send 75 bytes in 1 buffers (segment=1220) Dst=172.18.0.2:14567, Src=172.18.0.3:59312 [DatapathSend:/root/NanoSDK/extern/msquic/src/platform/datapath_epoll.c:2394]
[pack][3298534883334] Batch sent [PacketBatchSent:/root/NanoSDK/extern/msquic/src/core/packet_builder.c:1018]
Flush complete flags=0x0 [SendFlushComplete:/root/NanoSDK/extern/msquic/src/core/send.c:1462]
[conn][0x58aba509bf50] Scheduling: 0 [ConnScheduleState:/root/NanoSDK/extern/msquic/src/core/worker.c:607]
[wrkr][0x58aba508ec20] IsActive = 0, Arg = 674736964 [WorkerActivityStateUpdated:/root/NanoSDK/extern/msquic/src/core/worker.c:780]
[wrkr][0x58aba508ec20] QueueDelay = 0 [WorkerQueueDelayUpdated:/root/NanoSDK/extern/msquic/src/core/worker.c:414]
[data][0x7cdb88001ca0] Recv 25 bytes (segment=0) Src=172.18.0.3:59312 Dst=172.18.0.2:14567 [DatapathRecv:/root/NanoSDK/extern/msquic/src/platform/datapath_epoll.c:1893]
[pack][3298534883331] Received [PacketReceive:/root/NanoSDK/extern/msquic/src/core/binding.c:1654]
Queuing 1 UDP datagrams [QueueDatagrams:/root/NanoSDK/extern/msquic/src/core/connection.c:3177]
[conn][0x58aba509bf50] Scheduling: 1 [ConnScheduleState:/root/NanoSDK/extern/msquic/src/core/worker.c:254]
[wrkr][0x58aba508ec20] IsActive = 1, Arg = 674575618 [WorkerActivityStateUpdated:/root/NanoSDK/extern/msquic/src/core/worker.c:711]
[conn][0x58aba509bf50] Scheduling: 2 [ConnScheduleState:/root/NanoSDK/extern/msquic/src/core/worker.c:519]
[wrkr][0x58aba508ec20] QueueDelay = 1 [WorkerQueueDelayUpdated:/root/NanoSDK/extern/msquic/src/core/worker.c:400]
[conn][0x58aba509bf50] Execute: 1 [ConnExecOper:/root/NanoSDK/extern/msquic/src/core/operation.h:275]
[conn][0x58aba509bf50] Recv 1 UDP datagrams, 25 bytes [ConnRecvUdpDatagrams:/root/NanoSDK/extern/msquic/src/core/connection.c:5587]
[conn][0x58aba509bf50] IN: BytesRecv=1502 [ConnInFlowStats:/root/NanoSDK/extern/msquic/src/core/connection.h:854]
Batch Recv 1 UDP datagrams [UdpRecvBatch:/root/NanoSDK/extern/msquic/src/core/connection.c:5491]
[pack][3298534883331] Decrypting [PacketDecrypt:/root/NanoSDK/extern/msquic/src/core/connection.c:4145]
[C][RX][4] SH DestCid: KP:0 SB:0 (Payload 8 bytes) [LogPacketShortHeader:/root/NanoSDK/extern/msquic/src/core/packet.c:785]
[C][RX][4]   CONN_CLOSE ErrorCode:0x0 FrameType:0 [FrameLogConnectionClose:/root/NanoSDK/extern/msquic/src/core/frame.c:1885]
[conn][0x58aba509bf50][RX][4]  (9 bytes) [ConnPacketRecv:/root/NanoSDK/extern/msquic/src/core/connection.c:4298]
Connection close complete [CloseComplete:/root/NanoSDK/extern/msquic/src/core/connection.c:1543]
[C][RX][4] Marked for ACK (ECN=0) [PacketRxMarkedForAck:/root/NanoSDK/extern/msquic/src/core/ack_tracker.c:204]
[conn][0x58aba509bf50] Setting 4, delay=30000000 us [ConnSetTimer:/root/NanoSDK/extern/msquic/src/core/connection.c:1184]
[conn][0x58aba509bf50] Setting 3, delay=10000000 us [ConnSetTimer:/root/NanoSDK/extern/msquic/src/core/connection.c:1184]
[conn][0x58aba509bf50] Shutdown complete, PeerFailedToAcknowledged=0. [ConnShutdownComplete:/root/NanoSDK/extern/msquic/src/core/connection.c:1351]
[time][0x58aba508ecc0] Removing Connection 0x58aba509bf50. [TimerWheelRemoveConnection:/root/NanoSDK/extern/msquic/src/core/timer_wheel.c:269]
[time][0x58aba508ecc0] Next Expiration = {NULL}. [TimerWheelNextExpirationNull:/root/NanoSDK/extern/msquic/src/core/timer_wheel.c:243]
[C][TX][2] Thrown away on shutdown [PacketTxDiscarded:/root/NanoSDK/extern/msquic/src/core/loss_detection.c:146]
[C][TX][5] Thrown away on shutdown [PacketTxDiscarded:/root/NanoSDK/extern/msquic/src/core/loss_detection.c:146]
[C][TX][6] Thrown away on shutdown [PacketTxDiscarded:/root/NanoSDK/extern/msquic/src/core/loss_detection.c:146]
Indicating QUIC_CONNECTION_EVENT_SHUTDOWN_COMPLETE [IndicateConnectionShutdownComplete:/root/NanoSDK/extern/msquic/src/core/connection.c:1392]
[ api] Enter 0 (0x58aba509bf50). [ApiEnter:/root/NanoSDK/extern/msquic/src/core/api.c:1380]
[ api] Exit 1 [ApiExitStatus:/root/NanoSDK/extern/msquic/src/core/api.c:1470]
[ api] Enter 13 (0x58aba509bf50). [ApiEnter:/root/NanoSDK/extern/msquic/src/core/api.c:104]
[conn][0x58aba509bf50] Unregistered from 0x58aba508bd40 [ConnUnregistered:/root/NanoSDK/extern/msquic/src/core/connection.c:485]
[conn][0x58aba509bf50] Handle closed [ConnHandleClosed:/root/NanoSDK/extern/msquic/src/core/connection.c:467]
[ api] Exit [ApiExit:/root/NanoSDK/extern/msquic/src/core/api.c:185]
[Disconnected][CLIENT FOR QUIC]...
[conn][0x58aba509bf50] Scheduling: 0 [ConnScheduleState:/root/NanoSDK/extern/msquic/src/core/worker.c:607]
[wrkr][0x58aba508ec20] IsActive = 0, Arg = 4294967295 [WorkerActivityStateUpdated:/root/NanoSDK/extern/msquic/src/core/worker.c:780]
[wrkr][0x58aba508ec20] QueueDelay = 0 [WorkerQueueDelayUpdated:/root/NanoSDK/extern/msquic/src/core/worker.c:414]
Waiting for data availability.
Tracing stopped for session msquic
Destroying session msquic..
Session msquic destroyed
